

Started GET "/assets/rails.png" for 127.0.0.1 at 2015-07-23 13:27:23 -0700
Connecting to database specified by database.yml
Served asset /rails.png - 200 OK (8ms)


Started GET "/movies" for 127.0.0.1 at 2015-07-23 13:27:26 -0700
Processing by MoviesController#index as HTML
Redirected to http://localhost:3000/movies?ratings%5BG%5D=G&ratings%5BNC-17%5D=NC-17&ratings%5BPG%5D=PG&ratings%5BPG-13%5D=PG-13&ratings%5BR%5D=R&sort=release_date
Completed 302 Found in 1.7ms (ActiveRecord: 0.0ms)


Started GET "/movies?ratings%5BG%5D=G&ratings%5BNC-17%5D=NC-17&ratings%5BPG%5D=PG&ratings%5BPG-13%5D=PG-13&ratings%5BR%5D=R&sort=release_date" for 127.0.0.1 at 2015-07-23 13:27:26 -0700
Processing by MoviesController#index as HTML
  Parameters: {"ratings"=>{"G"=>"G", "NC-17"=>"NC-17", "PG"=>"PG", "PG-13"=>"PG-13", "R"=>"R"}, "sort"=>"release_date"}
  [1m[36mMovie Load (0.5ms)[0m  [1mSELECT "movies".* FROM "movies" WHERE "movies"."rating" IN ('G', 'NC-17', 'PG', 'PG-13', 'R') ORDER BY release_date[0m
  Rendered movies/index.html.haml within layouts/application (16.0ms)
Compiled application.css  (0ms)  (pid 41943)
Compiled jquery.js  (2ms)  (pid 41943)
Compiled jquery_ujs.js  (0ms)  (pid 41943)
Compiled application.js  (30ms)  (pid 41943)
Completed 200 OK in 210.8ms (Views: 151.2ms | ActiveRecord: 2.8ms)


Started GET "/assets/jquery_ujs.js?body=1" for 127.0.0.1 at 2015-07-23 13:27:27 -0700
Served asset /jquery_ujs.js - 200 OK (5ms)


Started GET "/assets/jquery.js?body=1" for 127.0.0.1 at 2015-07-23 13:27:27 -0700
Served asset /jquery.js - 200 OK (1ms)


Started GET "/assets/application.js?body=1" for 127.0.0.1 at 2015-07-23 13:27:27 -0700
Served asset /application.js - 200 OK (4ms)


Started GET "/assets/application.css?body=1" for 127.0.0.1 at 2015-07-23 13:27:27 -0700
Served asset /application.css - 200 OK (2ms)
DEPRECATION WARNING: You didn't set `secret_key_base`. Read the upgrade documentation to learn more about this new config option. (called from service at /Users/siddhantpuri/.rvm/rubies/ruby-2.2.2/lib/ruby/2.2.0/webrick/httpserver.rb:138)


Started GET "/movies?ratings%5BG%5D=G&ratings%5BNC-17%5D=NC-17&ratings%5BPG%5D=PG&ratings%5BPG-13%5D=PG-13&ratings%5BR%5D=R&sort=release_date" for ::1 at 2015-07-23 13:38:28 -0700

NoMethodError (undefined method `whitelist_attributes=' for #<Class:0x007fc3f7803a00>):
  activerecord (4.2.1) lib/active_record/dynamic_matchers.rb:26:in `method_missing'
  activerecord (4.2.1) lib/active_record/railtie.rb:108:in `block (3 levels) in <class:Railtie>'
  activerecord (4.2.1) lib/active_record/railtie.rb:107:in `each'
  activerecord (4.2.1) lib/active_record/railtie.rb:107:in `block (2 levels) in <class:Railtie>'
  activesupport (4.2.1) lib/active_support/lazy_load_hooks.rb:38:in `instance_eval'
  activesupport (4.2.1) lib/active_support/lazy_load_hooks.rb:38:in `execute_hook'
  activesupport (4.2.1) lib/active_support/lazy_load_hooks.rb:45:in `block in run_load_hooks'
  activesupport (4.2.1) lib/active_support/lazy_load_hooks.rb:44:in `each'
  activesupport (4.2.1) lib/active_support/lazy_load_hooks.rb:44:in `run_load_hooks'
  activerecord (4.2.1) lib/active_record/base.rb:316:in `<module:ActiveRecord>'
  activerecord (4.2.1) lib/active_record/base.rb:26:in `<top (required)>'
  activerecord (4.2.1) lib/active_record/connection_adapters/abstract/connection_pool.rb:656:in `rescue in call'
  activerecord (4.2.1) lib/active_record/connection_adapters/abstract/connection_pool.rb:647:in `call'
  actionpack (4.2.1) lib/action_dispatch/middleware/callbacks.rb:29:in `block in call'
  activesupport (4.2.1) lib/active_support/callbacks.rb:88:in `call'
  activesupport (4.2.1) lib/active_support/callbacks.rb:88:in `_run_callbacks'
  activesupport (4.2.1) lib/active_support/callbacks.rb:776:in `_run_call_callbacks'
  activesupport (4.2.1) lib/active_support/callbacks.rb:81:in `run_callbacks'
  actionpack (4.2.1) lib/action_dispatch/middleware/callbacks.rb:27:in `call'
  actionpack (4.2.1) lib/action_dispatch/middleware/reloader.rb:73:in `call'
  actionpack (4.2.1) lib/action_dispatch/middleware/remote_ip.rb:78:in `call'
  actionpack (4.2.1) lib/action_dispatch/middleware/debug_exceptions.rb:17:in `call'
  actionpack (4.2.1) lib/action_dispatch/middleware/show_exceptions.rb:30:in `call'
  railties (4.2.1) lib/rails/rack/logger.rb:38:in `call_app'
  railties (4.2.1) lib/rails/rack/logger.rb:20:in `block in call'
  activesupport (4.2.1) lib/active_support/tagged_logging.rb:68:in `block in tagged'
  activesupport (4.2.1) lib/active_support/tagged_logging.rb:26:in `tagged'
  activesupport (4.2.1) lib/active_support/tagged_logging.rb:68:in `tagged'
  railties (4.2.1) lib/rails/rack/logger.rb:20:in `call'
  actionpack (4.2.1) lib/action_dispatch/middleware/request_id.rb:21:in `call'
  rack (1.6.4) lib/rack/methodoverride.rb:22:in `call'
  rack (1.6.4) lib/rack/runtime.rb:18:in `call'
  activesupport (4.2.1) lib/active_support/cache/strategy/local_cache_middleware.rb:28:in `call'
  rack (1.6.4) lib/rack/lock.rb:17:in `call'
  actionpack (4.2.1) lib/action_dispatch/middleware/static.rb:113:in `call'
  rack (1.6.4) lib/rack/sendfile.rb:113:in `call'
  railties (4.2.1) lib/rails/engine.rb:518:in `call'
  railties (4.2.1) lib/rails/application.rb:164:in `call'
  rack (1.6.4) lib/rack/lock.rb:17:in `call'
  rack (1.6.4) lib/rack/content_length.rb:15:in `call'
  rack (1.6.4) lib/rack/handler/webrick.rb:88:in `service'
  /Users/siddhantpuri/.rvm/rubies/ruby-2.2.2/lib/ruby/2.2.0/webrick/httpserver.rb:138:in `service'
  /Users/siddhantpuri/.rvm/rubies/ruby-2.2.2/lib/ruby/2.2.0/webrick/httpserver.rb:94:in `run'
  /Users/siddhantpuri/.rvm/rubies/ruby-2.2.2/lib/ruby/2.2.0/webrick/server.rb:294:in `block in start_thread'


  Rendered /Users/siddhantpuri/.rvm/gems/ruby-2.2.2/gems/actionpack-4.2.1/lib/action_dispatch/middleware/templates/rescues/_source.erb (3.0ms)
  Rendered /Users/siddhantpuri/.rvm/gems/ruby-2.2.2/gems/actionpack-4.2.1/lib/action_dispatch/middleware/templates/rescues/_trace.html.erb (1.6ms)
  Rendered /Users/siddhantpuri/.rvm/gems/ruby-2.2.2/gems/actionpack-4.2.1/lib/action_dispatch/middleware/templates/rescues/_request_and_response.html.erb (1.7ms)
  Rendered /Users/siddhantpuri/.rvm/gems/ruby-2.2.2/gems/actionpack-4.2.1/lib/action_dispatch/middleware/templates/rescues/diagnostics.html.erb within rescues/layout (67.5ms)
DEPRECATION WARNING: You didn't set `secret_key_base`. Read the upgrade documentation to learn more about this new config option. (called from service at /Users/siddhantpuri/.rvm/rubies/ruby-2.2.2/lib/ruby/2.2.0/webrick/httpserver.rb:138)


Started GET "/movies?ratings%5BG%5D=G&ratings%5BNC-17%5D=NC-17&ratings%5BPG%5D=PG&ratings%5BPG-13%5D=PG-13&ratings%5BR%5D=R&sort=release_date" for ::1 at 2015-07-23 13:39:49 -0700
Processing by MoviesController#index as HTML
  Parameters: {"ratings"=>{"G"=>"G", "NC-17"=>"NC-17", "PG"=>"PG", "PG-13"=>"PG-13", "R"=>"R"}, "sort"=>"release_date"}
Completed 500 Internal Server Error in 47ms (ActiveRecord: 1.6ms)

NoMethodError (undefined method `attr_accessible' for #<Class:0x007fc5e1841760>):
  app/models/movie.rb:2:in `<class:Movie>'
  app/models/movie.rb:1:in `<top (required)>'
  app/controllers/movies_controller.rb:17:in `index'


  Rendered /Users/siddhantpuri/.rvm/gems/ruby-2.2.2/gems/actionpack-4.2.1/lib/action_dispatch/middleware/templates/rescues/_source.erb (8.1ms)
  Rendered /Users/siddhantpuri/.rvm/gems/ruby-2.2.2/gems/actionpack-4.2.1/lib/action_dispatch/middleware/templates/rescues/_trace.html.erb (2.4ms)
  Rendered /Users/siddhantpuri/.rvm/gems/ruby-2.2.2/gems/actionpack-4.2.1/lib/action_dispatch/middleware/templates/rescues/_request_and_response.html.erb (4.3ms)
  Rendered /Users/siddhantpuri/.rvm/gems/ruby-2.2.2/gems/actionpack-4.2.1/lib/action_dispatch/middleware/templates/rescues/diagnostics.html.erb within rescues/layout (74.3ms)


Started GET "/movies?ratings%5BG%5D=G&ratings%5BNC-17%5D=NC-17&ratings%5BPG%5D=PG&ratings%5BPG-13%5D=PG-13&ratings%5BR%5D=R&sort=release_date" for ::1 at 2015-07-23 13:39:50 -0700
Processing by MoviesController#index as HTML
  Parameters: {"ratings"=>{"G"=>"G", "NC-17"=>"NC-17", "PG"=>"PG", "PG-13"=>"PG-13", "R"=>"R"}, "sort"=>"release_date"}
Completed 500 Internal Server Error in 3ms (ActiveRecord: 0.0ms)

NoMethodError (undefined method `attr_accessible' for #<Class:0x007fc5e59a3730>):
  app/models/movie.rb:2:in `<class:Movie>'
  app/models/movie.rb:1:in `<top (required)>'
  app/controllers/movies_controller.rb:17:in `index'


  Rendered /Users/siddhantpuri/.rvm/gems/ruby-2.2.2/gems/actionpack-4.2.1/lib/action_dispatch/middleware/templates/rescues/_source.erb (5.3ms)
  Rendered /Users/siddhantpuri/.rvm/gems/ruby-2.2.2/gems/actionpack-4.2.1/lib/action_dispatch/middleware/templates/rescues/_trace.html.erb (3.8ms)
  Rendered /Users/siddhantpuri/.rvm/gems/ruby-2.2.2/gems/actionpack-4.2.1/lib/action_dispatch/middleware/templates/rescues/_request_and_response.html.erb (2.9ms)
  Rendered /Users/siddhantpuri/.rvm/gems/ruby-2.2.2/gems/actionpack-4.2.1/lib/action_dispatch/middleware/templates/rescues/diagnostics.html.erb within rescues/layout (69.0ms)


Started GET "/movies?ratings%5BG%5D=G&ratings%5BNC-17%5D=NC-17&ratings%5BPG%5D=PG&ratings%5BPG-13%5D=PG-13&ratings%5BR%5D=R&sort=release_date" for ::1 at 2015-07-23 13:39:50 -0700
Processing by MoviesController#index as HTML
  Parameters: {"ratings"=>{"G"=>"G", "NC-17"=>"NC-17", "PG"=>"PG", "PG-13"=>"PG-13", "R"=>"R"}, "sort"=>"release_date"}
Completed 500 Internal Server Error in 3ms (ActiveRecord: 0.3ms)

NoMethodError (undefined method `attr_accessible' for #<Class:0x007fc5e50a1a60>):
  app/models/movie.rb:2:in `<class:Movie>'
  app/models/movie.rb:1:in `<top (required)>'
  app/controllers/movies_controller.rb:17:in `index'


  Rendered /Users/siddhantpuri/.rvm/gems/ruby-2.2.2/gems/actionpack-4.2.1/lib/action_dispatch/middleware/templates/rescues/_source.erb (7.5ms)
  Rendered /Users/siddhantpuri/.rvm/gems/ruby-2.2.2/gems/actionpack-4.2.1/lib/action_dispatch/middleware/templates/rescues/_trace.html.erb (2.2ms)
  Rendered /Users/siddhantpuri/.rvm/gems/ruby-2.2.2/gems/actionpack-4.2.1/lib/action_dispatch/middleware/templates/rescues/_request_and_response.html.erb (2.0ms)
  Rendered /Users/siddhantpuri/.rvm/gems/ruby-2.2.2/gems/actionpack-4.2.1/lib/action_dispatch/middleware/templates/rescues/diagnostics.html.erb within rescues/layout (63.1ms)
DEPRECATION WARNING: You didn't set `secret_key_base`. Read the upgrade documentation to learn more about this new config option. (called from service at /Users/siddhantpuri/.rvm/rubies/ruby-2.2.2/lib/ruby/2.2.0/webrick/httpserver.rb:138)


Started GET "/movies?ratings%5BG%5D=G&ratings%5BNC-17%5D=NC-17&ratings%5BPG%5D=PG&ratings%5BPG-13%5D=PG-13&ratings%5BR%5D=R&sort=release_date" for ::1 at 2015-07-23 13:43:45 -0700
Processing by MoviesController#index as HTML
  Parameters: {"ratings"=>{"G"=>"G", "NC-17"=>"NC-17", "PG"=>"PG", "PG-13"=>"PG-13", "R"=>"R"}, "sort"=>"release_date"}
Completed 500 Internal Server Error in 13ms (ActiveRecord: 0.0ms)

NoMethodError (undefined method `find_all_by_rating' for #<Class:0x007f97c7ac2f68>):
  app/controllers/movies_controller.rb:29:in `index'


  Rendered /Users/siddhantpuri/.rvm/gems/ruby-2.2.2/gems/actionpack-4.2.1/lib/action_dispatch/middleware/templates/rescues/_source.erb (8.6ms)
  Rendered /Users/siddhantpuri/.rvm/gems/ruby-2.2.2/gems/actionpack-4.2.1/lib/action_dispatch/middleware/templates/rescues/_trace.html.erb (2.7ms)
  Rendered /Users/siddhantpuri/.rvm/gems/ruby-2.2.2/gems/actionpack-4.2.1/lib/action_dispatch/middleware/templates/rescues/_request_and_response.html.erb (2.0ms)
  Rendered /Users/siddhantpuri/.rvm/gems/ruby-2.2.2/gems/actionpack-4.2.1/lib/action_dispatch/middleware/templates/rescues/diagnostics.html.erb within rescues/layout (69.9ms)


Started GET "/movies?ratings%5BG%5D=G&ratings%5BNC-17%5D=NC-17&ratings%5BPG%5D=PG&ratings%5BPG-13%5D=PG-13&ratings%5BR%5D=R&sort=release_date" for ::1 at 2015-07-23 13:50:38 -0700
Processing by MoviesController#index as HTML
  Parameters: {"ratings"=>{"G"=>"G", "NC-17"=>"NC-17", "PG"=>"PG", "PG-13"=>"PG-13", "R"=>"R"}, "sort"=>"release_date"}
Completed 500 Internal Server Error in 16ms (ActiveRecord: 0.0ms)

NoMethodError (undefined method `find_all_by_rating' for #<Class:0x007ff3af85a3b8>):
  app/controllers/movies_controller.rb:29:in `index'


  Rendered /Users/siddhantpuri/.rvm/gems/ruby-2.2.2/gems/actionpack-4.2.1/lib/action_dispatch/middleware/templates/rescues/_source.erb (4.0ms)
  Rendered /Users/siddhantpuri/.rvm/gems/ruby-2.2.2/gems/actionpack-4.2.1/lib/action_dispatch/middleware/templates/rescues/_trace.html.erb (2.9ms)
  Rendered /Users/siddhantpuri/.rvm/gems/ruby-2.2.2/gems/actionpack-4.2.1/lib/action_dispatch/middleware/templates/rescues/_request_and_response.html.erb (1.0ms)
  Rendered /Users/siddhantpuri/.rvm/gems/ruby-2.2.2/gems/actionpack-4.2.1/lib/action_dispatch/middleware/templates/rescues/diagnostics.html.erb within rescues/layout (70.4ms)


Started GET "/movies?ratings%5BG%5D=G&ratings%5BNC-17%5D=NC-17&ratings%5BPG%5D=PG&ratings%5BPG-13%5D=PG-13&ratings%5BR%5D=R&sort=release_date" for ::1 at 2015-07-23 13:50:39 -0700
Processing by MoviesController#index as HTML
  Parameters: {"ratings"=>{"G"=>"G", "NC-17"=>"NC-17", "PG"=>"PG", "PG-13"=>"PG-13", "R"=>"R"}, "sort"=>"release_date"}
Completed 500 Internal Server Error in 1ms (ActiveRecord: 0.0ms)

NoMethodError (undefined method `find_all_by_rating' for #<Class:0x007ff3af85a3b8>):
  app/controllers/movies_controller.rb:29:in `index'


  Rendered /Users/siddhantpuri/.rvm/gems/ruby-2.2.2/gems/actionpack-4.2.1/lib/action_dispatch/middleware/templates/rescues/_source.erb (4.6ms)
  Rendered /Users/siddhantpuri/.rvm/gems/ruby-2.2.2/gems/actionpack-4.2.1/lib/action_dispatch/middleware/templates/rescues/_trace.html.erb (3.0ms)
  Rendered /Users/siddhantpuri/.rvm/gems/ruby-2.2.2/gems/actionpack-4.2.1/lib/action_dispatch/middleware/templates/rescues/_request_and_response.html.erb (1.1ms)
  Rendered /Users/siddhantpuri/.rvm/gems/ruby-2.2.2/gems/actionpack-4.2.1/lib/action_dispatch/middleware/templates/rescues/diagnostics.html.erb within rescues/layout (60.8ms)


Started GET "/movies?ratings%5BG%5D=G&ratings%5BNC-17%5D=NC-17&ratings%5BPG%5D=PG&ratings%5BPG-13%5D=PG-13&ratings%5BR%5D=R&sort=release_date" for ::1 at 2015-07-23 13:50:40 -0700
Processing by MoviesController#index as HTML
  Parameters: {"ratings"=>{"G"=>"G", "NC-17"=>"NC-17", "PG"=>"PG", "PG-13"=>"PG-13", "R"=>"R"}, "sort"=>"release_date"}
Completed 500 Internal Server Error in 10ms (ActiveRecord: 0.0ms)

NoMethodError (undefined method `find_all_by_rating' for #<Class:0x007ff3af85a3b8>):
  app/controllers/movies_controller.rb:29:in `index'


  Rendered /Users/siddhantpuri/.rvm/gems/ruby-2.2.2/gems/actionpack-4.2.1/lib/action_dispatch/middleware/templates/rescues/_source.erb (7.0ms)
  Rendered /Users/siddhantpuri/.rvm/gems/ruby-2.2.2/gems/actionpack-4.2.1/lib/action_dispatch/middleware/templates/rescues/_trace.html.erb (9.0ms)
  Rendered /Users/siddhantpuri/.rvm/gems/ruby-2.2.2/gems/actionpack-4.2.1/lib/action_dispatch/middleware/templates/rescues/_request_and_response.html.erb (1.9ms)
  Rendered /Users/siddhantpuri/.rvm/gems/ruby-2.2.2/gems/actionpack-4.2.1/lib/action_dispatch/middleware/templates/rescues/diagnostics.html.erb within rescues/layout (98.5ms)


Started GET "/movies?ratings%5BG%5D=G&ratings%5BNC-17%5D=NC-17&ratings%5BPG%5D=PG&ratings%5BPG-13%5D=PG-13&ratings%5BR%5D=R&sort=release_date" for ::1 at 2015-07-23 13:54:49 -0700
Processing by MoviesController#index as HTML
  Parameters: {"ratings"=>{"G"=>"G", "NC-17"=>"NC-17", "PG"=>"PG", "PG-13"=>"PG-13", "R"=>"R"}, "sort"=>"release_date"}
Completed 500 Internal Server Error in 10ms (ActiveRecord: 0.0ms)

ArgumentError (Direction "release_date" is invalid. Valid directions are: [:asc, :desc, :ASC, :DESC, "asc", "desc", "ASC", "DESC"]):
  app/controllers/movies_controller.rb:29:in `index'


  Rendered /Users/siddhantpuri/.rvm/gems/ruby-2.2.2/gems/actionpack-4.2.1/lib/action_dispatch/middleware/templates/rescues/_source.erb (4.5ms)
  Rendered /Users/siddhantpuri/.rvm/gems/ruby-2.2.2/gems/actionpack-4.2.1/lib/action_dispatch/middleware/templates/rescues/_trace.html.erb (2.0ms)
  Rendered /Users/siddhantpuri/.rvm/gems/ruby-2.2.2/gems/actionpack-4.2.1/lib/action_dispatch/middleware/templates/rescues/_request_and_response.html.erb (1.4ms)
  Rendered /Users/siddhantpuri/.rvm/gems/ruby-2.2.2/gems/actionpack-4.2.1/lib/action_dispatch/middleware/templates/rescues/diagnostics.html.erb within rescues/layout (67.0ms)


Started GET "/movies?ratings%5BG%5D=G&ratings%5BNC-17%5D=NC-17&ratings%5BPG%5D=PG&ratings%5BPG-13%5D=PG-13&ratings%5BR%5D=R&sort=release_date" for ::1 at 2015-07-23 13:55:09 -0700
Processing by MoviesController#index as HTML
  Parameters: {"ratings"=>{"G"=>"G", "NC-17"=>"NC-17", "PG"=>"PG", "PG-13"=>"PG-13", "R"=>"R"}, "sort"=>"release_date"}
Completed 500 Internal Server Error in 2ms (ActiveRecord: 0.0ms)

ArgumentError (Direction "release_date" is invalid. Valid directions are: [:asc, :desc, :ASC, :DESC, "asc", "desc", "ASC", "DESC"]):
  app/controllers/movies_controller.rb:29:in `index'


  Rendered /Users/siddhantpuri/.rvm/gems/ruby-2.2.2/gems/actionpack-4.2.1/lib/action_dispatch/middleware/templates/rescues/_source.erb (4.6ms)
  Rendered /Users/siddhantpuri/.rvm/gems/ruby-2.2.2/gems/actionpack-4.2.1/lib/action_dispatch/middleware/templates/rescues/_trace.html.erb (1.9ms)
  Rendered /Users/siddhantpuri/.rvm/gems/ruby-2.2.2/gems/actionpack-4.2.1/lib/action_dispatch/middleware/templates/rescues/_request_and_response.html.erb (0.9ms)
  Rendered /Users/siddhantpuri/.rvm/gems/ruby-2.2.2/gems/actionpack-4.2.1/lib/action_dispatch/middleware/templates/rescues/diagnostics.html.erb within rescues/layout (65.4ms)


Started GET "/movies?ratings%5BG%5D=G&ratings%5BNC-17%5D=NC-17&ratings%5BPG%5D=PG&ratings%5BPG-13%5D=PG-13&ratings%5BR%5D=R&sort=release_date" for ::1 at 2015-07-23 13:55:10 -0700
Processing by MoviesController#index as HTML
  Parameters: {"ratings"=>{"G"=>"G", "NC-17"=>"NC-17", "PG"=>"PG", "PG-13"=>"PG-13", "R"=>"R"}, "sort"=>"release_date"}
Completed 500 Internal Server Error in 1ms (ActiveRecord: 0.0ms)

ArgumentError (Direction "release_date" is invalid. Valid directions are: [:asc, :desc, :ASC, :DESC, "asc", "desc", "ASC", "DESC"]):
  app/controllers/movies_controller.rb:29:in `index'


  Rendered /Users/siddhantpuri/.rvm/gems/ruby-2.2.2/gems/actionpack-4.2.1/lib/action_dispatch/middleware/templates/rescues/_source.erb (4.1ms)
  Rendered /Users/siddhantpuri/.rvm/gems/ruby-2.2.2/gems/actionpack-4.2.1/lib/action_dispatch/middleware/templates/rescues/_trace.html.erb (2.0ms)
  Rendered /Users/siddhantpuri/.rvm/gems/ruby-2.2.2/gems/actionpack-4.2.1/lib/action_dispatch/middleware/templates/rescues/_request_and_response.html.erb (2.3ms)
  Rendered /Users/siddhantpuri/.rvm/gems/ruby-2.2.2/gems/actionpack-4.2.1/lib/action_dispatch/middleware/templates/rescues/diagnostics.html.erb within rescues/layout (61.3ms)


Started GET "/movies?ratings%5BG%5D=G&ratings%5BNC-17%5D=NC-17&ratings%5BPG%5D=PG&ratings%5BPG-13%5D=PG-13&ratings%5BR%5D=R&sort=release_date" for ::1 at 2015-07-23 13:55:10 -0700
Processing by MoviesController#index as HTML
  Parameters: {"ratings"=>{"G"=>"G", "NC-17"=>"NC-17", "PG"=>"PG", "PG-13"=>"PG-13", "R"=>"R"}, "sort"=>"release_date"}
Completed 500 Internal Server Error in 2ms (ActiveRecord: 0.0ms)

ArgumentError (Direction "release_date" is invalid. Valid directions are: [:asc, :desc, :ASC, :DESC, "asc", "desc", "ASC", "DESC"]):
  app/controllers/movies_controller.rb:29:in `index'


  Rendered /Users/siddhantpuri/.rvm/gems/ruby-2.2.2/gems/actionpack-4.2.1/lib/action_dispatch/middleware/templates/rescues/_source.erb (4.2ms)
  Rendered /Users/siddhantpuri/.rvm/gems/ruby-2.2.2/gems/actionpack-4.2.1/lib/action_dispatch/middleware/templates/rescues/_trace.html.erb (8.4ms)
  Rendered /Users/siddhantpuri/.rvm/gems/ruby-2.2.2/gems/actionpack-4.2.1/lib/action_dispatch/middleware/templates/rescues/_request_and_response.html.erb (0.9ms)
  Rendered /Users/siddhantpuri/.rvm/gems/ruby-2.2.2/gems/actionpack-4.2.1/lib/action_dispatch/middleware/templates/rescues/diagnostics.html.erb within rescues/layout (66.0ms)


Started GET "/movies?ratings%5BG%5D=G&ratings%5BNC-17%5D=NC-17&ratings%5BPG%5D=PG&ratings%5BPG-13%5D=PG-13&ratings%5BR%5D=R&sort=release_date" for ::1 at 2015-07-23 13:55:37 -0700
Processing by MoviesController#index as HTML
  Parameters: {"ratings"=>{"G"=>"G", "NC-17"=>"NC-17", "PG"=>"PG", "PG-13"=>"PG-13", "R"=>"R"}, "sort"=>"release_date"}
  [1m[36mMovie Load (0.2ms)[0m  [1mSELECT "movies".* FROM "movies" WHERE "movies"."raing" IN ('G', 'NC-17', 'PG', 'PG-13', 'R')  ORDER BY "movies"."release_date" ASC[0m
SQLite3::SQLException: no such column: movies.raing: SELECT "movies".* FROM "movies" WHERE "movies"."raing" IN ('G', 'NC-17', 'PG', 'PG-13', 'R')  ORDER BY "movies"."release_date" ASC
  Rendered movies/index.html.haml within layouts/application (16.5ms)
Completed 500 Internal Server Error in 26ms (ActiveRecord: 0.7ms)

ActionView::Template::Error (SQLite3::SQLException: no such column: movies.raing: SELECT "movies".* FROM "movies" WHERE "movies"."raing" IN ('G', 'NC-17', 'PG', 'PG-13', 'R')  ORDER BY "movies"."release_date" ASC):
    18:       %th{:class => @date_header}= link_to 'Release Date', movies_path(:sort => 'release_date', :ratings => @selected_ratings), :id => 'release_date_header'
    19:       %th More Info
    20:   %tbody
    21:     - @movies.each do |movie|
    22:       %tr
    23:         %td= movie.title 
    24:         %td= movie.rating
  app/views/movies/index.html.haml:21:in `_app_views_movies_index_html_haml___2393803234402044519_70342312905280'


  Rendered /Users/siddhantpuri/.rvm/gems/ruby-2.2.2/gems/actionpack-4.2.1/lib/action_dispatch/middleware/templates/rescues/_source.erb (6.9ms)
  Rendered /Users/siddhantpuri/.rvm/gems/ruby-2.2.2/gems/actionpack-4.2.1/lib/action_dispatch/middleware/templates/rescues/_trace.html.erb (6.0ms)
  Rendered /Users/siddhantpuri/.rvm/gems/ruby-2.2.2/gems/actionpack-4.2.1/lib/action_dispatch/middleware/templates/rescues/_request_and_response.html.erb (1.7ms)
  Rendered /Users/siddhantpuri/.rvm/gems/ruby-2.2.2/gems/actionpack-4.2.1/lib/action_dispatch/middleware/templates/rescues/template_error.html.erb within rescues/layout (69.7ms)
  [1m[36mActiveRecord::SchemaMigration Load (0.1ms)[0m  [1mSELECT "schema_migrations".* FROM "schema_migrations"[0m
  [1m[35mActiveRecord::SchemaMigration Load (0.1ms)[0m  SELECT "schema_migrations".* FROM "schema_migrations"
  [1m[36mActiveRecord::SchemaMigration Load (0.1ms)[0m  [1mSELECT "schema_migrations".* FROM "schema_migrations"[0m
  [1m[35m (0.1ms)[0m  begin transaction
  [1m[36mSQL (1.4ms)[0m  [1mINSERT INTO "movies" ("title", "rating", "release_date", "created_at", "updated_at") VALUES (?, ?, ?, ?, ?)[0m  [["title", "Aladdin"], ["rating", "G"], ["release_date", "1992-11-25 00:00:00.000000"], ["created_at", "2015-07-23 20:56:17.941173"], ["updated_at", "2015-07-23 20:56:17.941173"]]
  [1m[35m (0.9ms)[0m  commit transaction
  [1m[36m (0.1ms)[0m  [1mbegin transaction[0m
  [1m[35mSQL (0.4ms)[0m  INSERT INTO "movies" ("title", "rating", "release_date", "created_at", "updated_at") VALUES (?, ?, ?, ?, ?)  [["title", "The Terminator"], ["rating", "R"], ["release_date", "1984-10-26 00:00:00.000000"], ["created_at", "2015-07-23 20:56:17.950814"], ["updated_at", "2015-07-23 20:56:17.950814"]]
  [1m[36m (1.0ms)[0m  [1mcommit transaction[0m
  [1m[35m (0.1ms)[0m  begin transaction
  [1m[36mSQL (0.4ms)[0m  [1mINSERT INTO "movies" ("title", "rating", "release_date", "created_at", "updated_at") VALUES (?, ?, ?, ?, ?)[0m  [["title", "When Harry Met Sally"], ["rating", "R"], ["release_date", "1989-07-21 00:00:00.000000"], ["created_at", "2015-07-23 20:56:17.954874"], ["updated_at", "2015-07-23 20:56:17.954874"]]
  [1m[35m (1.0ms)[0m  commit transaction
  [1m[36m (0.1ms)[0m  [1mbegin transaction[0m
  [1m[35mSQL (0.2ms)[0m  INSERT INTO "movies" ("title", "rating", "release_date", "created_at", "updated_at") VALUES (?, ?, ?, ?, ?)  [["title", "The Help"], ["rating", "PG-13"], ["release_date", "2011-08-10 00:00:00.000000"], ["created_at", "2015-07-23 20:56:17.959412"], ["updated_at", "2015-07-23 20:56:17.959412"]]
  [1m[36m (0.6ms)[0m  [1mcommit transaction[0m
  [1m[35m (0.1ms)[0m  begin transaction
  [1m[36mSQL (0.3ms)[0m  [1mINSERT INTO "movies" ("title", "rating", "release_date", "created_at", "updated_at") VALUES (?, ?, ?, ?, ?)[0m  [["title", "Chocolat"], ["rating", "PG-13"], ["release_date", "2001-01-05 00:00:00.000000"], ["created_at", "2015-07-23 20:56:17.962009"], ["updated_at", "2015-07-23 20:56:17.962009"]]
  [1m[35m (0.7ms)[0m  commit transaction
  [1m[36m (0.0ms)[0m  [1mbegin transaction[0m
  [1m[35mSQL (0.3ms)[0m  INSERT INTO "movies" ("title", "rating", "release_date", "created_at", "updated_at") VALUES (?, ?, ?, ?, ?)  [["title", "Amelie"], ["rating", "R"], ["release_date", "2001-04-25 00:00:00.000000"], ["created_at", "2015-07-23 20:56:17.964574"], ["updated_at", "2015-07-23 20:56:17.964574"]]
  [1m[36m (0.7ms)[0m  [1mcommit transaction[0m
  [1m[35m (0.1ms)[0m  begin transaction
  [1m[36mSQL (0.2ms)[0m  [1mINSERT INTO "movies" ("title", "rating", "release_date", "created_at", "updated_at") VALUES (?, ?, ?, ?, ?)[0m  [["title", "2001: A Space Odyssey"], ["rating", "G"], ["release_date", "1968-04-06 00:00:00.000000"], ["created_at", "2015-07-23 20:56:17.967046"], ["updated_at", "2015-07-23 20:56:17.967046"]]
  [1m[35m (0.6ms)[0m  commit transaction
  [1m[36m (0.1ms)[0m  [1mbegin transaction[0m
  [1m[35mSQL (0.2ms)[0m  INSERT INTO "movies" ("title", "rating", "release_date", "created_at", "updated_at") VALUES (?, ?, ?, ?, ?)  [["title", "The Incredibles"], ["rating", "PG"], ["release_date", "2004-11-05 00:00:00.000000"], ["created_at", "2015-07-23 20:56:17.969312"], ["updated_at", "2015-07-23 20:56:17.969312"]]
  [1m[36m (0.6ms)[0m  [1mcommit transaction[0m
  [1m[35m (0.1ms)[0m  begin transaction
  [1m[36mSQL (0.2ms)[0m  [1mINSERT INTO "movies" ("title", "rating", "release_date", "created_at", "updated_at") VALUES (?, ?, ?, ?, ?)[0m  [["title", "Raiders of the Lost Ark"], ["rating", "PG"], ["release_date", "1981-06-12 00:00:00.000000"], ["created_at", "2015-07-23 20:56:17.971769"], ["updated_at", "2015-07-23 20:56:17.971769"]]
  [1m[35m (0.7ms)[0m  commit transaction
  [1m[36m (0.0ms)[0m  [1mbegin transaction[0m
  [1m[35mSQL (0.2ms)[0m  INSERT INTO "movies" ("title", "rating", "release_date", "created_at", "updated_at") VALUES (?, ?, ?, ?, ?)  [["title", "Chicken Run"], ["rating", "G"], ["release_date", "2000-06-21 00:00:00.000000"], ["created_at", "2015-07-23 20:56:17.973961"], ["updated_at", "2015-07-23 20:56:17.973961"]]
  [1m[36m (0.6ms)[0m  [1mcommit transaction[0m


Started GET "/movies?ratings%5BG%5D=G&ratings%5BNC-17%5D=NC-17&ratings%5BPG%5D=PG&ratings%5BPG-13%5D=PG-13&ratings%5BR%5D=R&sort=release_date" for ::1 at 2015-07-23 13:56:27 -0700
Processing by MoviesController#index as HTML
  Parameters: {"ratings"=>{"G"=>"G", "NC-17"=>"NC-17", "PG"=>"PG", "PG-13"=>"PG-13", "R"=>"R"}, "sort"=>"release_date"}
  [1m[36mMovie Load (0.5ms)[0m  [1mSELECT "movies".* FROM "movies" WHERE "movies"."raing" IN ('G', 'NC-17', 'PG', 'PG-13', 'R')  ORDER BY "movies"."release_date" ASC[0m
SQLite3::SQLException: no such column: movies.raing: SELECT "movies".* FROM "movies" WHERE "movies"."raing" IN ('G', 'NC-17', 'PG', 'PG-13', 'R')  ORDER BY "movies"."release_date" ASC
  Rendered movies/index.html.haml within layouts/application (18.9ms)
Completed 500 Internal Server Error in 42ms (ActiveRecord: 2.1ms)

ActionView::Template::Error (SQLite3::SQLException: no such column: movies.raing: SELECT "movies".* FROM "movies" WHERE "movies"."raing" IN ('G', 'NC-17', 'PG', 'PG-13', 'R')  ORDER BY "movies"."release_date" ASC):
    18:       %th{:class => @date_header}= link_to 'Release Date', movies_path(:sort => 'release_date', :ratings => @selected_ratings), :id => 'release_date_header'
    19:       %th More Info
    20:   %tbody
    21:     - @movies.each do |movie|
    22:       %tr
    23:         %td= movie.title 
    24:         %td= movie.rating
  app/views/movies/index.html.haml:21:in `_app_views_movies_index_html_haml__3867729511746276783_70131320677280'


  Rendered /Users/siddhantpuri/.rvm/gems/ruby-2.2.2/gems/actionpack-4.2.1/lib/action_dispatch/middleware/templates/rescues/_source.erb (11.4ms)
  Rendered /Users/siddhantpuri/.rvm/gems/ruby-2.2.2/gems/actionpack-4.2.1/lib/action_dispatch/middleware/templates/rescues/_trace.html.erb (21.3ms)
  Rendered /Users/siddhantpuri/.rvm/gems/ruby-2.2.2/gems/actionpack-4.2.1/lib/action_dispatch/middleware/templates/rescues/_request_and_response.html.erb (0.9ms)
  Rendered /Users/siddhantpuri/.rvm/gems/ruby-2.2.2/gems/actionpack-4.2.1/lib/action_dispatch/middleware/templates/rescues/template_error.html.erb within rescues/layout (83.1ms)


Started GET "/movies?ratings%5BG%5D=G&ratings%5BNC-17%5D=NC-17&ratings%5BPG%5D=PG&ratings%5BPG-13%5D=PG-13&ratings%5BR%5D=R&sort=release_date" for ::1 at 2015-07-23 13:56:28 -0700
Processing by MoviesController#index as HTML
  Parameters: {"ratings"=>{"G"=>"G", "NC-17"=>"NC-17", "PG"=>"PG", "PG-13"=>"PG-13", "R"=>"R"}, "sort"=>"release_date"}
  [1m[35mMovie Load (0.3ms)[0m  SELECT "movies".* FROM "movies" WHERE "movies"."raing" IN ('G', 'NC-17', 'PG', 'PG-13', 'R')  ORDER BY "movies"."release_date" ASC
SQLite3::SQLException: no such column: movies.raing: SELECT "movies".* FROM "movies" WHERE "movies"."raing" IN ('G', 'NC-17', 'PG', 'PG-13', 'R')  ORDER BY "movies"."release_date" ASC
  Rendered movies/index.html.haml within layouts/application (3.0ms)
Completed 500 Internal Server Error in 7ms (ActiveRecord: 0.3ms)

ActionView::Template::Error (SQLite3::SQLException: no such column: movies.raing: SELECT "movies".* FROM "movies" WHERE "movies"."raing" IN ('G', 'NC-17', 'PG', 'PG-13', 'R')  ORDER BY "movies"."release_date" ASC):
    18:       %th{:class => @date_header}= link_to 'Release Date', movies_path(:sort => 'release_date', :ratings => @selected_ratings), :id => 'release_date_header'
    19:       %th More Info
    20:   %tbody
    21:     - @movies.each do |movie|
    22:       %tr
    23:         %td= movie.title 
    24:         %td= movie.rating
  app/views/movies/index.html.haml:21:in `_app_views_movies_index_html_haml__3867729511746276783_70131320677280'


  Rendered /Users/siddhantpuri/.rvm/gems/ruby-2.2.2/gems/actionpack-4.2.1/lib/action_dispatch/middleware/templates/rescues/_source.erb (10.5ms)
  Rendered /Users/siddhantpuri/.rvm/gems/ruby-2.2.2/gems/actionpack-4.2.1/lib/action_dispatch/middleware/templates/rescues/_trace.html.erb (2.6ms)
  Rendered /Users/siddhantpuri/.rvm/gems/ruby-2.2.2/gems/actionpack-4.2.1/lib/action_dispatch/middleware/templates/rescues/_request_and_response.html.erb (1.2ms)
  Rendered /Users/siddhantpuri/.rvm/gems/ruby-2.2.2/gems/actionpack-4.2.1/lib/action_dispatch/middleware/templates/rescues/template_error.html.erb within rescues/layout (65.0ms)


Started GET "/movies?ratings%5BG%5D=G&ratings%5BNC-17%5D=NC-17&ratings%5BPG%5D=PG&ratings%5BPG-13%5D=PG-13&ratings%5BR%5D=R&sort=release_date" for ::1 at 2015-07-23 13:56:29 -0700
Processing by MoviesController#index as HTML
  Parameters: {"ratings"=>{"G"=>"G", "NC-17"=>"NC-17", "PG"=>"PG", "PG-13"=>"PG-13", "R"=>"R"}, "sort"=>"release_date"}
  [1m[36mMovie Load (0.3ms)[0m  [1mSELECT "movies".* FROM "movies" WHERE "movies"."raing" IN ('G', 'NC-17', 'PG', 'PG-13', 'R')  ORDER BY "movies"."release_date" ASC[0m
SQLite3::SQLException: no such column: movies.raing: SELECT "movies".* FROM "movies" WHERE "movies"."raing" IN ('G', 'NC-17', 'PG', 'PG-13', 'R')  ORDER BY "movies"."release_date" ASC
  Rendered movies/index.html.haml within layouts/application (3.4ms)
Completed 500 Internal Server Error in 8ms (ActiveRecord: 0.3ms)

ActionView::Template::Error (SQLite3::SQLException: no such column: movies.raing: SELECT "movies".* FROM "movies" WHERE "movies"."raing" IN ('G', 'NC-17', 'PG', 'PG-13', 'R')  ORDER BY "movies"."release_date" ASC):
    18:       %th{:class => @date_header}= link_to 'Release Date', movies_path(:sort => 'release_date', :ratings => @selected_ratings), :id => 'release_date_header'
    19:       %th More Info
    20:   %tbody
    21:     - @movies.each do |movie|
    22:       %tr
    23:         %td= movie.title 
    24:         %td= movie.rating
  app/views/movies/index.html.haml:21:in `_app_views_movies_index_html_haml__3867729511746276783_70131320677280'


  Rendered /Users/siddhantpuri/.rvm/gems/ruby-2.2.2/gems/actionpack-4.2.1/lib/action_dispatch/middleware/templates/rescues/_source.erb (7.6ms)
  Rendered /Users/siddhantpuri/.rvm/gems/ruby-2.2.2/gems/actionpack-4.2.1/lib/action_dispatch/middleware/templates/rescues/_trace.html.erb (2.8ms)
  Rendered /Users/siddhantpuri/.rvm/gems/ruby-2.2.2/gems/actionpack-4.2.1/lib/action_dispatch/middleware/templates/rescues/_request_and_response.html.erb (0.9ms)
  Rendered /Users/siddhantpuri/.rvm/gems/ruby-2.2.2/gems/actionpack-4.2.1/lib/action_dispatch/middleware/templates/rescues/template_error.html.erb within rescues/layout (65.0ms)


Started GET "/movies?ratings%5BG%5D=G&ratings%5BNC-17%5D=NC-17&ratings%5BPG%5D=PG&ratings%5BPG-13%5D=PG-13&ratings%5BR%5D=R&sort=release_date" for ::1 at 2015-07-23 13:57:10 -0700
Processing by MoviesController#index as HTML
  Parameters: {"ratings"=>{"G"=>"G", "NC-17"=>"NC-17", "PG"=>"PG", "PG-13"=>"PG-13", "R"=>"R"}, "sort"=>"release_date"}
  [1m[35mMovie Load (0.4ms)[0m  SELECT "movies".* FROM "movies" WHERE "movies"."rating" IN ('G', 'NC-17', 'PG', 'PG-13', 'R')  ORDER BY "movies"."release_date" ASC
  Rendered movies/index.html.haml within layouts/application (22.3ms)
Completed 200 OK in 314ms (Views: 310.2ms | ActiveRecord: 1.0ms)


Started GET "/assets/application.self.css?body=1" for ::1 at 2015-07-23 13:57:11 -0700


Started GET "/assets/jquery.self.js?body=1" for ::1 at 2015-07-23 13:57:11 -0700


Started GET "/assets/jquery_ujs.self.js?body=1" for ::1 at 2015-07-23 13:57:11 -0700


Started GET "/assets/application.self.js?body=1" for ::1 at 2015-07-23 13:57:11 -0700


Started GET "/movies?ratings%5BG%5D=G&ratings%5BNC-17%5D=NC-17&ratings%5BPG%5D=PG&ratings%5BPG-13%5D=PG-13&ratings%5BR%5D=R&sort=title" for ::1 at 2015-07-23 13:57:13 -0700
Processing by MoviesController#index as HTML
  Parameters: {"ratings"=>{"G"=>"G", "NC-17"=>"NC-17", "PG"=>"PG", "PG-13"=>"PG-13", "R"=>"R"}, "sort"=>"title"}
Redirected to http://localhost:3000/movies?ratings%5BG%5D=G&ratings%5BNC-17%5D=NC-17&ratings%5BPG%5D=PG&ratings%5BPG-13%5D=PG-13&ratings%5BR%5D=R&sort=title
Completed 302 Found in 2ms (ActiveRecord: 0.0ms)


Started GET "/movies?ratings%5BG%5D=G&ratings%5BNC-17%5D=NC-17&ratings%5BPG%5D=PG&ratings%5BPG-13%5D=PG-13&ratings%5BR%5D=R&sort=title" for ::1 at 2015-07-23 13:57:13 -0700
Processing by MoviesController#index as HTML
  Parameters: {"ratings"=>{"G"=>"G", "NC-17"=>"NC-17", "PG"=>"PG", "PG-13"=>"PG-13", "R"=>"R"}, "sort"=>"title"}
  [1m[36mMovie Load (0.3ms)[0m  [1mSELECT "movies".* FROM "movies" WHERE "movies"."rating" IN ('G', 'NC-17', 'PG', 'PG-13', 'R')  ORDER BY "movies"."title" ASC[0m
  Rendered movies/index.html.haml within layouts/application (6.0ms)
Completed 200 OK in 22ms (Views: 20.6ms | ActiveRecord: 0.3ms)


Started GET "/assets/application.self.css?body=1" for ::1 at 2015-07-23 13:57:13 -0700


Started GET "/assets/jquery.self.js?body=1" for ::1 at 2015-07-23 13:57:13 -0700


Started GET "/assets/jquery_ujs.self.js?body=1" for ::1 at 2015-07-23 13:57:13 -0700


Started GET "/assets/application.self.js?body=1" for ::1 at 2015-07-23 13:57:13 -0700


Started GET "/movies?ratings%5BG%5D=G&ratings%5BNC-17%5D=NC-17&ratings%5BPG%5D=PG&ratings%5BPG-13%5D=PG-13&ratings%5BR%5D=R&sort=release_date" for ::1 at 2015-07-23 13:57:15 -0700
Processing by MoviesController#index as HTML
  Parameters: {"ratings"=>{"G"=>"G", "NC-17"=>"NC-17", "PG"=>"PG", "PG-13"=>"PG-13", "R"=>"R"}, "sort"=>"release_date"}
Redirected to http://localhost:3000/movies?ratings%5BG%5D=G&ratings%5BNC-17%5D=NC-17&ratings%5BPG%5D=PG&ratings%5BPG-13%5D=PG-13&ratings%5BR%5D=R&sort=release_date
Completed 302 Found in 3ms (ActiveRecord: 0.0ms)


Started GET "/movies?ratings%5BG%5D=G&ratings%5BNC-17%5D=NC-17&ratings%5BPG%5D=PG&ratings%5BPG-13%5D=PG-13&ratings%5BR%5D=R&sort=release_date" for ::1 at 2015-07-23 13:57:15 -0700
Processing by MoviesController#index as HTML
  Parameters: {"ratings"=>{"G"=>"G", "NC-17"=>"NC-17", "PG"=>"PG", "PG-13"=>"PG-13", "R"=>"R"}, "sort"=>"release_date"}
  [1m[35mMovie Load (0.3ms)[0m  SELECT "movies".* FROM "movies" WHERE "movies"."rating" IN ('G', 'NC-17', 'PG', 'PG-13', 'R')  ORDER BY "movies"."release_date" ASC
  Rendered movies/index.html.haml within layouts/application (5.2ms)
Completed 200 OK in 16ms (Views: 14.8ms | ActiveRecord: 0.3ms)


Started GET "/assets/application.self.css?body=1" for ::1 at 2015-07-23 13:57:15 -0700


Started GET "/assets/application.self.js?body=1" for ::1 at 2015-07-23 13:57:15 -0700


Started GET "/assets/jquery_ujs.self.js?body=1" for ::1 at 2015-07-23 13:57:15 -0700


Started GET "/assets/jquery.self.js?body=1" for ::1 at 2015-07-23 13:57:15 -0700


Started GET "/movies?ratings%5BG%5D=G&ratings%5BNC-17%5D=NC-17&ratings%5BPG%5D=PG&ratings%5BPG-13%5D=PG-13&ratings%5BR%5D=R&sort=release_date" for ::1 at 2015-07-23 13:57:16 -0700
Processing by MoviesController#index as HTML
  Parameters: {"ratings"=>{"G"=>"G", "NC-17"=>"NC-17", "PG"=>"PG", "PG-13"=>"PG-13", "R"=>"R"}, "sort"=>"release_date"}
  [1m[36mMovie Load (0.3ms)[0m  [1mSELECT "movies".* FROM "movies" WHERE "movies"."rating" IN ('G', 'NC-17', 'PG', 'PG-13', 'R')  ORDER BY "movies"."release_date" ASC[0m
  Rendered movies/index.html.haml within layouts/application (6.5ms)
Completed 200 OK in 20ms (Views: 16.5ms | ActiveRecord: 0.3ms)


Started GET "/assets/jquery_ujs.self.js?body=1" for ::1 at 2015-07-23 13:57:16 -0700


Started GET "/assets/jquery.self.js?body=1" for ::1 at 2015-07-23 13:57:16 -0700


Started GET "/assets/application.self.css?body=1" for ::1 at 2015-07-23 13:57:16 -0700


Started GET "/assets/application.self.js?body=1" for ::1 at 2015-07-23 13:57:16 -0700


Started GET "/assets/rails.png" for ::1 at 2015-07-24 15:31:52 -0700


Started GET "/movies" for ::1 at 2015-07-24 15:31:55 -0700
Processing by MoviesController#index as HTML
Redirected to http://localhost:3000/movies?ratings%5BG%5D=G&ratings%5BNC-17%5D=NC-17&ratings%5BPG%5D=PG&ratings%5BPG-13%5D=PG-13&ratings%5BR%5D=R&sort=release_date
Completed 302 Found in 27ms (ActiveRecord: 0.0ms)


Started GET "/movies?ratings%5BG%5D=G&ratings%5BNC-17%5D=NC-17&ratings%5BPG%5D=PG&ratings%5BPG-13%5D=PG-13&ratings%5BR%5D=R&sort=release_date" for ::1 at 2015-07-24 15:31:55 -0700
Processing by MoviesController#index as HTML
  Parameters: {"ratings"=>{"G"=>"G", "NC-17"=>"NC-17", "PG"=>"PG", "PG-13"=>"PG-13", "R"=>"R"}, "sort"=>"release_date"}
  [1m[36mMovie Load (1.3ms)[0m  [1mSELECT "movies".* FROM "movies" WHERE "movies"."rating" IN ('G', 'NC-17', 'PG', 'PG-13', 'R')  ORDER BY "movies"."release_date" ASC[0m
  Rendered movies/index.html.haml within layouts/application (51.3ms)
Completed 200 OK in 276ms (Views: 264.7ms | ActiveRecord: 4.6ms)


Started GET "/assets/jquery_ujs.self.js?body=1" for ::1 at 2015-07-24 15:31:56 -0700


Started GET "/assets/application.self.js?body=1" for ::1 at 2015-07-24 15:31:56 -0700


Started GET "/assets/jquery.self.js?body=1" for ::1 at 2015-07-24 15:31:56 -0700


Started GET "/assets/application.self.css?body=1" for ::1 at 2015-07-24 15:31:56 -0700


Started GET "/movies?ratings%5BG%5D=G&ratings%5BNC-17%5D=NC-17&ratings%5BPG%5D=PG&ratings%5BPG-13%5D=PG-13&ratings%5BR%5D=R&sort=title" for ::1 at 2015-07-24 15:32:10 -0700
Processing by MoviesController#index as HTML
  Parameters: {"ratings"=>{"G"=>"G", "NC-17"=>"NC-17", "PG"=>"PG", "PG-13"=>"PG-13", "R"=>"R"}, "sort"=>"title"}
Redirected to http://localhost:3000/movies?ratings%5BG%5D=G&ratings%5BNC-17%5D=NC-17&ratings%5BPG%5D=PG&ratings%5BPG-13%5D=PG-13&ratings%5BR%5D=R&sort=title
Completed 302 Found in 2ms (ActiveRecord: 0.0ms)


Started GET "/movies?ratings%5BG%5D=G&ratings%5BNC-17%5D=NC-17&ratings%5BPG%5D=PG&ratings%5BPG-13%5D=PG-13&ratings%5BR%5D=R&sort=title" for ::1 at 2015-07-24 15:32:10 -0700
Processing by MoviesController#index as HTML
  Parameters: {"ratings"=>{"G"=>"G", "NC-17"=>"NC-17", "PG"=>"PG", "PG-13"=>"PG-13", "R"=>"R"}, "sort"=>"title"}
  [1m[35mMovie Load (0.4ms)[0m  SELECT "movies".* FROM "movies" WHERE "movies"."rating" IN ('G', 'NC-17', 'PG', 'PG-13', 'R')  ORDER BY "movies"."title" ASC
  Rendered movies/index.html.haml within layouts/application (9.8ms)
Completed 200 OK in 27ms (Views: 26.2ms | ActiveRecord: 0.4ms)


Started GET "/assets/application.self.css?body=1" for ::1 at 2015-07-24 15:32:10 -0700


Started GET "/assets/application.self.js?body=1" for ::1 at 2015-07-24 15:32:10 -0700


Started GET "/assets/jquery_ujs.self.js?body=1" for ::1 at 2015-07-24 15:32:10 -0700


Started GET "/assets/jquery.self.js?body=1" for ::1 at 2015-07-24 15:32:10 -0700


Started GET "/movies?ratings%5BG%5D=G&ratings%5BNC-17%5D=NC-17&ratings%5BPG%5D=PG&ratings%5BPG-13%5D=PG-13&ratings%5BR%5D=R&sort=title" for ::1 at 2015-07-24 15:32:11 -0700
Processing by MoviesController#index as HTML
  Parameters: {"ratings"=>{"G"=>"G", "NC-17"=>"NC-17", "PG"=>"PG", "PG-13"=>"PG-13", "R"=>"R"}, "sort"=>"title"}
  [1m[36mMovie Load (0.4ms)[0m  [1mSELECT "movies".* FROM "movies" WHERE "movies"."rating" IN ('G', 'NC-17', 'PG', 'PG-13', 'R')  ORDER BY "movies"."title" ASC[0m
  Rendered movies/index.html.haml within layouts/application (9.5ms)
Completed 200 OK in 37ms (Views: 35.3ms | ActiveRecord: 0.4ms)


Started GET "/assets/application.self.css?body=1" for ::1 at 2015-07-24 15:32:11 -0700


Started GET "/assets/jquery.self.js?body=1" for ::1 at 2015-07-24 15:32:11 -0700


Started GET "/assets/jquery_ujs.self.js?body=1" for ::1 at 2015-07-24 15:32:11 -0700


Started GET "/assets/application.self.js?body=1" for ::1 at 2015-07-24 15:32:11 -0700


Started GET "/movies?ratings%5BG%5D=G&ratings%5BNC-17%5D=NC-17&ratings%5BPG%5D=PG&ratings%5BPG-13%5D=PG-13&ratings%5BR%5D=R&sort=release_date" for ::1 at 2015-07-24 15:32:12 -0700
Processing by MoviesController#index as HTML
  Parameters: {"ratings"=>{"G"=>"G", "NC-17"=>"NC-17", "PG"=>"PG", "PG-13"=>"PG-13", "R"=>"R"}, "sort"=>"release_date"}
Redirected to http://localhost:3000/movies?ratings%5BG%5D=G&ratings%5BNC-17%5D=NC-17&ratings%5BPG%5D=PG&ratings%5BPG-13%5D=PG-13&ratings%5BR%5D=R&sort=release_date
Completed 302 Found in 2ms (ActiveRecord: 0.0ms)


Started GET "/movies?ratings%5BG%5D=G&ratings%5BNC-17%5D=NC-17&ratings%5BPG%5D=PG&ratings%5BPG-13%5D=PG-13&ratings%5BR%5D=R&sort=release_date" for ::1 at 2015-07-24 15:32:12 -0700
Processing by MoviesController#index as HTML
  Parameters: {"ratings"=>{"G"=>"G", "NC-17"=>"NC-17", "PG"=>"PG", "PG-13"=>"PG-13", "R"=>"R"}, "sort"=>"release_date"}
  [1m[35mMovie Load (0.3ms)[0m  SELECT "movies".* FROM "movies" WHERE "movies"."rating" IN ('G', 'NC-17', 'PG', 'PG-13', 'R')  ORDER BY "movies"."release_date" ASC
  Rendered movies/index.html.haml within layouts/application (11.0ms)
Completed 200 OK in 46ms (Views: 45.0ms | ActiveRecord: 0.3ms)


Started GET "/assets/application.self.css?body=1" for ::1 at 2015-07-24 15:32:12 -0700


Started GET "/assets/application.self.js?body=1" for ::1 at 2015-07-24 15:32:12 -0700


Started GET "/assets/jquery.self.js?body=1" for ::1 at 2015-07-24 15:32:12 -0700


Started GET "/assets/jquery_ujs.self.js?body=1" for ::1 at 2015-07-24 15:32:12 -0700


Started GET "/movies/7" for ::1 at 2015-07-24 15:32:14 -0700
Processing by MoviesController#show as HTML
  Parameters: {"id"=>"7"}
  [1m[36mMovie Load (0.5ms)[0m  [1mSELECT  "movies".* FROM "movies" WHERE "movies"."id" = ? LIMIT 1[0m  [["id", 7]]
  Rendered movies/show.html.haml within layouts/application (15.7ms)
Completed 200 OK in 72ms (Views: 59.5ms | ActiveRecord: 0.5ms)


Started GET "/assets/application.self.css?body=1" for ::1 at 2015-07-24 15:32:14 -0700


Started GET "/assets/jquery_ujs.self.js?body=1" for ::1 at 2015-07-24 15:32:14 -0700


Started GET "/assets/application.self.js?body=1" for ::1 at 2015-07-24 15:32:14 -0700


Started GET "/assets/jquery.self.js?body=1" for ::1 at 2015-07-24 15:32:14 -0700


Started GET "/movies?ratings%5BG%5D=G&ratings%5BNC-17%5D=NC-17&ratings%5BPG%5D=PG&ratings%5BPG-13%5D=PG-13&ratings%5BR%5D=R&sort=title" for ::1 at 2015-07-24 15:32:17 -0700
Processing by MoviesController#index as HTML
  Parameters: {"ratings"=>{"G"=>"G", "NC-17"=>"NC-17", "PG"=>"PG", "PG-13"=>"PG-13", "R"=>"R"}, "sort"=>"title"}
Redirected to http://localhost:3000/movies?ratings%5BG%5D=G&ratings%5BNC-17%5D=NC-17&ratings%5BPG%5D=PG&ratings%5BPG-13%5D=PG-13&ratings%5BR%5D=R&sort=title
Completed 302 Found in 2ms (ActiveRecord: 0.0ms)


Started GET "/movies?ratings%5BG%5D=G&ratings%5BNC-17%5D=NC-17&ratings%5BPG%5D=PG&ratings%5BPG-13%5D=PG-13&ratings%5BR%5D=R&sort=title" for ::1 at 2015-07-24 15:32:17 -0700
Processing by MoviesController#index as HTML
  Parameters: {"ratings"=>{"G"=>"G", "NC-17"=>"NC-17", "PG"=>"PG", "PG-13"=>"PG-13", "R"=>"R"}, "sort"=>"title"}
  [1m[35mMovie Load (0.4ms)[0m  SELECT "movies".* FROM "movies" WHERE "movies"."rating" IN ('G', 'NC-17', 'PG', 'PG-13', 'R')  ORDER BY "movies"."title" ASC
  Rendered movies/index.html.haml within layouts/application (8.6ms)
Completed 200 OK in 43ms (Views: 41.0ms | ActiveRecord: 0.4ms)


Started GET "/assets/application.self.css?body=1" for ::1 at 2015-07-24 15:32:17 -0700


Started GET "/assets/jquery_ujs.self.js?body=1" for ::1 at 2015-07-24 15:32:17 -0700


Started GET "/assets/jquery.self.js?body=1" for ::1 at 2015-07-24 15:32:17 -0700


Started GET "/assets/application.self.js?body=1" for ::1 at 2015-07-24 15:32:17 -0700


Started GET "/movies?ratings%5BG%5D=G&ratings%5BNC-17%5D=NC-17&ratings%5BPG%5D=PG&ratings%5BPG-13%5D=PG-13&ratings%5BR%5D=R&sort=release_date" for ::1 at 2015-07-24 15:32:18 -0700
Processing by MoviesController#index as HTML
  Parameters: {"ratings"=>{"G"=>"G", "NC-17"=>"NC-17", "PG"=>"PG", "PG-13"=>"PG-13", "R"=>"R"}, "sort"=>"release_date"}
Redirected to http://localhost:3000/movies?ratings%5BG%5D=G&ratings%5BNC-17%5D=NC-17&ratings%5BPG%5D=PG&ratings%5BPG-13%5D=PG-13&ratings%5BR%5D=R&sort=release_date
Completed 302 Found in 1ms (ActiveRecord: 0.0ms)


Started GET "/movies?ratings%5BG%5D=G&ratings%5BNC-17%5D=NC-17&ratings%5BPG%5D=PG&ratings%5BPG-13%5D=PG-13&ratings%5BR%5D=R&sort=release_date" for ::1 at 2015-07-24 15:32:18 -0700
Processing by MoviesController#index as HTML
  Parameters: {"ratings"=>{"G"=>"G", "NC-17"=>"NC-17", "PG"=>"PG", "PG-13"=>"PG-13", "R"=>"R"}, "sort"=>"release_date"}
  [1m[36mMovie Load (0.3ms)[0m  [1mSELECT "movies".* FROM "movies" WHERE "movies"."rating" IN ('G', 'NC-17', 'PG', 'PG-13', 'R')  ORDER BY "movies"."release_date" ASC[0m
  Rendered movies/index.html.haml within layouts/application (6.9ms)
Completed 200 OK in 24ms (Views: 22.8ms | ActiveRecord: 0.3ms)


Started GET "/assets/jquery.self.js?body=1" for ::1 at 2015-07-24 15:32:18 -0700


Started GET "/assets/application.self.css?body=1" for ::1 at 2015-07-24 15:32:18 -0700


Started GET "/assets/application.self.js?body=1" for ::1 at 2015-07-24 15:32:18 -0700


Started GET "/assets/jquery_ujs.self.js?body=1" for ::1 at 2015-07-24 15:32:18 -0700


Started GET "/assets/rails.png" for ::1 at 2015-07-28 12:38:28 -0700


Started GET "/movies" for ::1 at 2015-07-28 12:38:29 -0700
Processing by MoviesController#index as HTML
Completed 500 Internal Server Error in 102ms (ActiveRecord: 3.8ms)

NoMethodError (undefined method `attr_accessible' for #<Class:0x007fb31bb3c718>):
  app/models/movie.rb:2:in `<class:Movie>'
  app/models/movie.rb:1:in `<top (required)>'
  app/controllers/movies_controller.rb:17:in `index'


  Rendered /Users/siddhantpuri/.rvm/gems/ruby-2.2.2/gems/actionpack-4.2.1/lib/action_dispatch/middleware/templates/rescues/_source.erb (5.9ms)
  Rendered /Users/siddhantpuri/.rvm/gems/ruby-2.2.2/gems/actionpack-4.2.1/lib/action_dispatch/middleware/templates/rescues/_trace.html.erb (2.3ms)
  Rendered /Users/siddhantpuri/.rvm/gems/ruby-2.2.2/gems/actionpack-4.2.1/lib/action_dispatch/middleware/templates/rescues/_request_and_response.html.erb (8.5ms)
  Rendered /Users/siddhantpuri/.rvm/gems/ruby-2.2.2/gems/actionpack-4.2.1/lib/action_dispatch/middleware/templates/rescues/diagnostics.html.erb within rescues/layout (119.8ms)


Started GET "/movies" for ::1 at 2015-07-28 12:39:50 -0700
Processing by MoviesController#index as HTML
  [1m[36mMovie Load (0.5ms)[0m  [1mSELECT "movies".* FROM "movies" WHERE "movies"."rating" IN ('G', 'PG', 'PG-13', 'NC-17', 'R')[0m
  Rendered movies/index.html.haml within layouts/application (37.0ms)
Completed 200 OK in 147ms (Views: 137.4ms | ActiveRecord: 1.6ms)


Started GET "/assets/application.self.css?body=1" for ::1 at 2015-07-28 12:39:50 -0700


Started GET "/assets/jquery_ujs.self.js?body=1" for ::1 at 2015-07-28 12:39:50 -0700


Started GET "/assets/jquery.self.js?body=1" for ::1 at 2015-07-28 12:39:50 -0700


Started GET "/assets/application.self.js?body=1" for ::1 at 2015-07-28 12:39:51 -0700


Started GET "/movies/3" for ::1 at 2015-07-28 12:39:53 -0700
Processing by MoviesController#show as HTML
  Parameters: {"id"=>"3"}
  [1m[35mMovie Load (0.7ms)[0m  SELECT  "movies".* FROM "movies" WHERE "movies"."id" = ? LIMIT 1  [["id", 3]]
  Rendered movies/show.html.haml within layouts/application (11.9ms)
Completed 200 OK in 42ms (Views: 34.1ms | ActiveRecord: 0.7ms)


Started GET "/assets/jquery.self.js?body=1" for ::1 at 2015-07-28 12:39:53 -0700


Started GET "/assets/application.self.css?body=1" for ::1 at 2015-07-28 12:39:53 -0700


Started GET "/assets/application.self.js?body=1" for ::1 at 2015-07-28 12:39:53 -0700


Started GET "/assets/jquery_ujs.self.js?body=1" for ::1 at 2015-07-28 12:39:53 -0700


Started GET "/movies?ratings%5BG%5D=G&ratings%5BNC-17%5D=NC-17&ratings%5BPG%5D=PG&ratings%5BPG-13%5D=PG-13&ratings%5BR%5D=R&sort=title" for ::1 at 2015-07-28 12:39:58 -0700
Processing by MoviesController#index as HTML
  Parameters: {"ratings"=>{"G"=>"G", "NC-17"=>"NC-17", "PG"=>"PG", "PG-13"=>"PG-13", "R"=>"R"}, "sort"=>"title"}
Redirected to http://localhost:3000/movies?ratings%5BG%5D=G&ratings%5BNC-17%5D=NC-17&ratings%5BPG%5D=PG&ratings%5BPG-13%5D=PG-13&ratings%5BR%5D=R&sort=title
Completed 302 Found in 2ms (ActiveRecord: 0.0ms)


Started GET "/movies?ratings%5BG%5D=G&ratings%5BNC-17%5D=NC-17&ratings%5BPG%5D=PG&ratings%5BPG-13%5D=PG-13&ratings%5BR%5D=R&sort=title" for ::1 at 2015-07-28 12:39:58 -0700
Processing by MoviesController#index as HTML
  Parameters: {"ratings"=>{"G"=>"G", "NC-17"=>"NC-17", "PG"=>"PG", "PG-13"=>"PG-13", "R"=>"R"}, "sort"=>"title"}
  [1m[36mMovie Load (1.6ms)[0m  [1mSELECT "movies".* FROM "movies" WHERE "movies"."rating" IN ('G', 'NC-17', 'PG', 'PG-13', 'R')  ORDER BY "movies"."title" ASC[0m
  Rendered movies/index.html.haml within layouts/application (22.1ms)
Completed 200 OK in 43ms (Views: 40.9ms | ActiveRecord: 1.6ms)


Started GET "/assets/jquery.self.js?body=1" for ::1 at 2015-07-28 12:39:58 -0700


Started GET "/assets/application.self.js?body=1" for ::1 at 2015-07-28 12:39:58 -0700


Started GET "/assets/application.self.css?body=1" for ::1 at 2015-07-28 12:39:58 -0700


Started GET "/assets/jquery_ujs.self.js?body=1" for ::1 at 2015-07-28 12:39:58 -0700


Started GET "/movies?ratings%5BG%5D=G&ratings%5BNC-17%5D=NC-17&ratings%5BPG%5D=PG&ratings%5BPG-13%5D=PG-13&ratings%5BR%5D=R&sort=release_date" for ::1 at 2015-07-28 12:39:59 -0700
Processing by MoviesController#index as HTML
  Parameters: {"ratings"=>{"G"=>"G", "NC-17"=>"NC-17", "PG"=>"PG", "PG-13"=>"PG-13", "R"=>"R"}, "sort"=>"release_date"}
Redirected to http://localhost:3000/movies?ratings%5BG%5D=G&ratings%5BNC-17%5D=NC-17&ratings%5BPG%5D=PG&ratings%5BPG-13%5D=PG-13&ratings%5BR%5D=R&sort=release_date
Completed 302 Found in 1ms (ActiveRecord: 0.0ms)


Started GET "/movies?ratings%5BG%5D=G&ratings%5BNC-17%5D=NC-17&ratings%5BPG%5D=PG&ratings%5BPG-13%5D=PG-13&ratings%5BR%5D=R&sort=release_date" for ::1 at 2015-07-28 12:39:59 -0700
Processing by MoviesController#index as HTML
  Parameters: {"ratings"=>{"G"=>"G", "NC-17"=>"NC-17", "PG"=>"PG", "PG-13"=>"PG-13", "R"=>"R"}, "sort"=>"release_date"}
  [1m[35mMovie Load (0.4ms)[0m  SELECT "movies".* FROM "movies" WHERE "movies"."rating" IN ('G', 'NC-17', 'PG', 'PG-13', 'R')  ORDER BY "movies"."release_date" ASC
  Rendered movies/index.html.haml within layouts/application (38.3ms)
Completed 200 OK in 72ms (Views: 70.8ms | ActiveRecord: 0.4ms)


Started GET "/assets/application.self.css?body=1" for ::1 at 2015-07-28 12:39:59 -0700


Started GET "/assets/jquery.self.js?body=1" for ::1 at 2015-07-28 12:39:59 -0700


Started GET "/assets/jquery_ujs.self.js?body=1" for ::1 at 2015-07-28 12:39:59 -0700


Started GET "/assets/application.self.js?body=1" for ::1 at 2015-07-28 12:39:59 -0700


Started GET "/movies?utf8=%E2%9C%93&%3Arelease_date_sort=true&ratings%5BG%5D=1&ratings%5BPG%5D=1&ratings%5BPG-13%5D=1&ratings%5BR%5D=1&commit=Refresh" for ::1 at 2015-07-28 12:40:03 -0700
Processing by MoviesController#index as HTML
  Parameters: {"utf8"=>"✓", ":release_date_sort"=>"true", "ratings"=>{"G"=>"1", "PG"=>"1", "PG-13"=>"1", "R"=>"1"}, "commit"=>"Refresh"}
Redirected to http://localhost:3000/movies?ratings%5BG%5D=1&ratings%5BPG%5D=1&ratings%5BPG-13%5D=1&ratings%5BR%5D=1&sort=release_date
Completed 302 Found in 2ms (ActiveRecord: 0.0ms)


Started GET "/movies?ratings%5BG%5D=1&ratings%5BPG%5D=1&ratings%5BPG-13%5D=1&ratings%5BR%5D=1&sort=release_date" for ::1 at 2015-07-28 12:40:03 -0700
Processing by MoviesController#index as HTML
  Parameters: {"ratings"=>{"G"=>"1", "PG"=>"1", "PG-13"=>"1", "R"=>"1"}, "sort"=>"release_date"}
  [1m[36mMovie Load (0.5ms)[0m  [1mSELECT "movies".* FROM "movies" WHERE "movies"."rating" IN ('G', 'PG', 'PG-13', 'R')  ORDER BY "movies"."release_date" ASC[0m
  Rendered movies/index.html.haml within layouts/application (12.8ms)
Completed 200 OK in 36ms (Views: 34.5ms | ActiveRecord: 0.5ms)


Started GET "/assets/application.self.css?body=1" for ::1 at 2015-07-28 12:40:03 -0700


Started GET "/assets/jquery.self.js?body=1" for ::1 at 2015-07-28 12:40:03 -0700


Started GET "/assets/application.self.js?body=1" for ::1 at 2015-07-28 12:40:03 -0700


Started GET "/assets/jquery_ujs.self.js?body=1" for ::1 at 2015-07-28 12:40:03 -0700


Started GET "/movies?utf8=%E2%9C%93&%3Arelease_date_sort=true&ratings%5BG%5D=1&ratings%5BPG%5D=1&ratings%5BPG-13%5D=1&ratings%5BR%5D=1&commit=Refresh" for ::1 at 2015-07-28 12:40:05 -0700
Processing by MoviesController#index as HTML
  Parameters: {"utf8"=>"✓", ":release_date_sort"=>"true", "ratings"=>{"G"=>"1", "PG"=>"1", "PG-13"=>"1", "R"=>"1"}, "commit"=>"Refresh"}
Redirected to http://localhost:3000/movies?ratings%5BG%5D=1&ratings%5BPG%5D=1&ratings%5BPG-13%5D=1&ratings%5BR%5D=1&sort=release_date
Completed 302 Found in 3ms (ActiveRecord: 0.0ms)


Started GET "/movies?ratings%5BG%5D=1&ratings%5BPG%5D=1&ratings%5BPG-13%5D=1&ratings%5BR%5D=1&sort=release_date" for ::1 at 2015-07-28 12:40:05 -0700
Processing by MoviesController#index as HTML
  Parameters: {"ratings"=>{"G"=>"1", "PG"=>"1", "PG-13"=>"1", "R"=>"1"}, "sort"=>"release_date"}
  [1m[35mMovie Load (0.4ms)[0m  SELECT "movies".* FROM "movies" WHERE "movies"."rating" IN ('G', 'PG', 'PG-13', 'R')  ORDER BY "movies"."release_date" ASC
  Rendered movies/index.html.haml within layouts/application (24.2ms)
Completed 200 OK in 50ms (Views: 47.8ms | ActiveRecord: 0.4ms)


Started GET "/assets/application.self.css?body=1" for ::1 at 2015-07-28 12:40:05 -0700


Started GET "/assets/jquery_ujs.self.js?body=1" for ::1 at 2015-07-28 12:40:05 -0700


Started GET "/assets/application.self.js?body=1" for ::1 at 2015-07-28 12:40:05 -0700


Started GET "/assets/jquery.self.js?body=1" for ::1 at 2015-07-28 12:40:05 -0700


Started GET "/movies?utf8=%E2%9C%93&%3Arelease_date_sort=true&ratings%5BG%5D=1&ratings%5BPG%5D=1&ratings%5BR%5D=1&commit=Refresh" for ::1 at 2015-07-28 12:40:07 -0700
Processing by MoviesController#index as HTML
  Parameters: {"utf8"=>"✓", ":release_date_sort"=>"true", "ratings"=>{"G"=>"1", "PG"=>"1", "R"=>"1"}, "commit"=>"Refresh"}
Redirected to http://localhost:3000/movies?ratings%5BG%5D=1&ratings%5BPG%5D=1&ratings%5BR%5D=1&sort=release_date
Completed 302 Found in 4ms (ActiveRecord: 0.0ms)


Started GET "/movies?ratings%5BG%5D=1&ratings%5BPG%5D=1&ratings%5BR%5D=1&sort=release_date" for ::1 at 2015-07-28 12:40:07 -0700
Processing by MoviesController#index as HTML
  Parameters: {"ratings"=>{"G"=>"1", "PG"=>"1", "R"=>"1"}, "sort"=>"release_date"}
  [1m[36mMovie Load (0.5ms)[0m  [1mSELECT "movies".* FROM "movies" WHERE "movies"."rating" IN ('G', 'PG', 'R')  ORDER BY "movies"."release_date" ASC[0m
  Rendered movies/index.html.haml within layouts/application (13.2ms)
Completed 200 OK in 31ms (Views: 29.4ms | ActiveRecord: 0.5ms)


Started GET "/assets/application.self.css?body=1" for ::1 at 2015-07-28 12:40:07 -0700


Started GET "/assets/application.self.js?body=1" for ::1 at 2015-07-28 12:40:07 -0700


Started GET "/assets/jquery.self.js?body=1" for ::1 at 2015-07-28 12:40:07 -0700


Started GET "/assets/jquery_ujs.self.js?body=1" for ::1 at 2015-07-28 12:40:07 -0700
  [1m[36mActiveRecord::SchemaMigration Load (0.2ms)[0m  [1mSELECT "schema_migrations".* FROM "schema_migrations"[0m
  [1m[35mActiveRecord::SchemaMigration Load (0.2ms)[0m  SELECT "schema_migrations".* FROM "schema_migrations"
  [1m[36mActiveRecord::SchemaMigration Load (0.1ms)[0m  [1mSELECT "schema_migrations".* FROM "schema_migrations"[0m
Migrating to AddDirectorToMovies (20151119204542)
  [1m[35m (0.1ms)[0m  begin transaction
  [1m[36m (0.5ms)[0m  [1mALTER TABLE "movies" ADD "director" varchar[0m
  [1m[35mSQL (0.2ms)[0m  INSERT INTO "schema_migrations" ("version") VALUES (?)  [["version", "20151119204542"]]
  [1m[36m (7.6ms)[0m  [1mcommit transaction[0m
  [1m[35mActiveRecord::SchemaMigration Load (0.2ms)[0m  SELECT "schema_migrations".* FROM "schema_migrations"
  [1m[36m (11.3ms)[0m  [1mCREATE TABLE "movies" ("id" INTEGER PRIMARY KEY AUTOINCREMENT NOT NULL, "title" varchar(255), "rating" varchar(255), "description" text, "release_date" datetime, "created_at" datetime, "updated_at" datetime, "director" varchar) [0m
  [1m[35m (9.3ms)[0m  CREATE TABLE "schema_migrations" ("version" varchar NOT NULL) 
  [1m[36m (0.2ms)[0m  [1mselect sqlite_version(*)[0m
  [1m[35m (9.5ms)[0m  CREATE UNIQUE INDEX "unique_schema_migrations" ON "schema_migrations" ("version")
  [1m[36m (0.2ms)[0m  [1mSELECT version FROM "schema_migrations"[0m
  [1m[35m (7.7ms)[0m  INSERT INTO "schema_migrations" (version) VALUES ('20151119204542')
  [1m[36m (10.8ms)[0m  [1mINSERT INTO "schema_migrations" (version) VALUES ('20111119180638')[0m


Started GET "/assets/rails.png" for 152.15.113.4 at 2015-11-19 21:12:50 +0000


Started GET "/assets/rails.png" for 152.15.113.4 at 2015-11-19 21:12:58 +0000


Started GET "/movies" for 152.15.113.4 at 2015-11-19 21:13:02 +0000
Processing by MoviesController#index as HTML
  [1m[36mMovie Load (0.4ms)[0m  [1mSELECT "movies".* FROM "movies" WHERE "movies"."rating" IN ('G', 'PG', 'PG-13', 'NC-17', 'R')[0m
  Rendered movies/index.html.haml within layouts/application (36.9ms)
Completed 200 OK in 268ms (Views: 202.3ms | ActiveRecord: 3.4ms)


Started GET "/assets/application.self.css?body=1" for 152.15.113.4 at 2015-11-19 21:13:03 +0000


Started GET "/assets/jquery.self.js?body=1" for 152.15.113.4 at 2015-11-19 21:13:03 +0000


Started GET "/assets/application.self.js?body=1" for 152.15.113.4 at 2015-11-19 21:13:03 +0000


Started GET "/assets/jquery_ujs.self.js?body=1" for 152.15.113.4 at 2015-11-19 21:13:03 +0000


Started GET "/movies/11" for 152.15.113.4 at 2015-11-19 21:13:25 +0000
Processing by MoviesController#show as HTML
  Parameters: {"id"=>"11"}
  [1m[35mMovie Load (0.3ms)[0m  SELECT  "movies".* FROM "movies" WHERE "movies"."id" = ? LIMIT 1  [["id", 11]]
  Rendered movies/show.html.haml within layouts/application (3.7ms)
Completed 200 OK in 76ms (Views: 69.8ms | ActiveRecord: 0.3ms)


Started GET "/assets/jquery_ujs.self.js?body=1" for 152.15.113.4 at 2015-11-19 21:13:25 +0000


Started GET "/assets/application.self.css?body=1" for 152.15.113.4 at 2015-11-19 21:13:26 +0000


Started GET "/assets/application.self.js?body=1" for 152.15.113.4 at 2015-11-19 21:13:26 +0000


Started GET "/assets/jquery.self.js?body=1" for 152.15.113.4 at 2015-11-19 21:13:26 +0000


Started DELETE "/movies/11" for 152.15.113.4 at 2015-11-19 21:13:27 +0000
Processing by MoviesController#destroy as HTML
  Parameters: {"authenticity_token"=>"uUYwjCRAqkANt+THgnKEXQkBSNE7MQKaLBLxRRDAzV04YspCCl3m+0xuRPvg0Re2LB1MvHrxAPDXhe6ZbqMSVA==", "id"=>"11"}
  [1m[36mMovie Load (0.2ms)[0m  [1mSELECT  "movies".* FROM "movies" WHERE "movies"."id" = ? LIMIT 1[0m  [["id", 11]]
  [1m[35m (0.1ms)[0m  begin transaction
  [1m[36mSQL (0.5ms)[0m  [1mDELETE FROM "movies" WHERE "movies"."id" = ?[0m  [["id", 11]]
  [1m[35m (6.4ms)[0m  commit transaction
Redirected to https://softwareengineering-silvanaribeiro.c9.io/movies
Completed 302 Found in 108ms (ActiveRecord: 7.2ms)


Started GET "/movies" for 152.15.113.4 at 2015-11-19 21:13:28 +0000
Processing by MoviesController#index as HTML
  [1m[36mMovie Load (0.5ms)[0m  [1mSELECT "movies".* FROM "movies" WHERE "movies"."rating" IN ('G', 'PG', 'PG-13', 'NC-17', 'R')[0m
  Rendered movies/index.html.haml within layouts/application (8.9ms)
Completed 200 OK in 23ms (Views: 21.7ms | ActiveRecord: 0.5ms)


Started GET "/assets/application.self.css?body=1" for 152.15.113.4 at 2015-11-19 21:13:28 +0000


Started GET "/assets/jquery.self.js?body=1" for 152.15.113.4 at 2015-11-19 21:13:28 +0000


Started GET "/assets/jquery_ujs.self.js?body=1" for 152.15.113.4 at 2015-11-19 21:13:28 +0000


Started GET "/assets/application.self.js?body=1" for 152.15.113.4 at 2015-11-19 21:13:28 +0000


Started GET "/movies/12" for 152.15.113.4 at 2015-11-19 21:13:32 +0000
Processing by MoviesController#show as HTML
  Parameters: {"id"=>"12"}
  [1m[35mMovie Load (0.2ms)[0m  SELECT  "movies".* FROM "movies" WHERE "movies"."id" = ? LIMIT 1  [["id", 12]]
  Rendered movies/show.html.haml within layouts/application (1.9ms)
Completed 200 OK in 18ms (Views: 16.6ms | ActiveRecord: 0.2ms)


Started GET "/assets/application.self.css?body=1" for 152.15.113.4 at 2015-11-19 21:13:32 +0000


Started GET "/assets/jquery.self.js?body=1" for 152.15.113.4 at 2015-11-19 21:13:32 +0000


Started GET "/assets/jquery_ujs.self.js?body=1" for 152.15.113.4 at 2015-11-19 21:13:32 +0000


Started GET "/assets/application.self.js?body=1" for 152.15.113.4 at 2015-11-19 21:13:32 +0000


Started DELETE "/movies/12" for 152.15.113.4 at 2015-11-19 21:13:34 +0000
Processing by MoviesController#destroy as HTML
  Parameters: {"authenticity_token"=>"aXzSnZ3jbDxupEuA2D+0xswKU7KKz+6bhzN4QIsQun3oWChTs/4ghy9967y6nCct6RZX38sP7PF8pGec9XNldA==", "id"=>"12"}
  [1m[36mMovie Load (0.2ms)[0m  [1mSELECT  "movies".* FROM "movies" WHERE "movies"."id" = ? LIMIT 1[0m  [["id", 12]]
  [1m[35m (0.1ms)[0m  begin transaction
  [1m[36mSQL (0.3ms)[0m  [1mDELETE FROM "movies" WHERE "movies"."id" = ?[0m  [["id", 12]]
  [1m[35m (9.6ms)[0m  commit transaction
Redirected to https://softwareengineering-silvanaribeiro.c9.io/movies
Completed 302 Found in 13ms (ActiveRecord: 10.2ms)


Started GET "/movies" for 152.15.113.4 at 2015-11-19 21:13:34 +0000
Processing by MoviesController#index as HTML
  [1m[36mMovie Load (0.5ms)[0m  [1mSELECT "movies".* FROM "movies" WHERE "movies"."rating" IN ('G', 'PG', 'PG-13', 'NC-17', 'R')[0m
  Rendered movies/index.html.haml within layouts/application (9.2ms)
Completed 200 OK in 25ms (Views: 22.6ms | ActiveRecord: 0.5ms)


Started GET "/assets/application.self.css?body=1" for 152.15.113.4 at 2015-11-19 21:13:34 +0000


Started GET "/assets/jquery.self.js?body=1" for 152.15.113.4 at 2015-11-19 21:13:34 +0000


Started GET "/assets/jquery_ujs.self.js?body=1" for 152.15.113.4 at 2015-11-19 21:13:34 +0000


Started GET "/assets/application.self.js?body=1" for 152.15.113.4 at 2015-11-19 21:13:34 +0000


Started GET "/movies/13" for 152.15.113.4 at 2015-11-19 21:13:53 +0000
Processing by MoviesController#show as HTML
  Parameters: {"id"=>"13"}
  [1m[35mMovie Load (0.1ms)[0m  SELECT  "movies".* FROM "movies" WHERE "movies"."id" = ? LIMIT 1  [["id", 13]]
  Rendered movies/show.html.haml within layouts/application (1.5ms)
Completed 200 OK in 16ms (Views: 15.1ms | ActiveRecord: 0.1ms)


Started GET "/assets/application.self.css?body=1" for 152.15.113.4 at 2015-11-19 21:13:54 +0000


Started GET "/assets/jquery.self.js?body=1" for 152.15.113.4 at 2015-11-19 21:13:54 +0000


Started GET "/assets/jquery_ujs.self.js?body=1" for 152.15.113.4 at 2015-11-19 21:13:54 +0000


Started GET "/assets/application.self.js?body=1" for 152.15.113.4 at 2015-11-19 21:13:54 +0000


Started DELETE "/movies/13" for 152.15.113.4 at 2015-11-19 21:13:55 +0000
Processing by MoviesController#destroy as HTML
  Parameters: {"authenticity_token"=>"lldl1JMW3xsskiPEgw1LyXTQcwOpNzXAIydlf2rV6IcXc58avQuToG1Lg/jhrtgiUcx3buj3N6rYsHqjFLY3jg==", "id"=>"13"}
  [1m[36mMovie Load (0.2ms)[0m  [1mSELECT  "movies".* FROM "movies" WHERE "movies"."id" = ? LIMIT 1[0m  [["id", 13]]
  [1m[35m (0.1ms)[0m  begin transaction
  [1m[36mSQL (0.3ms)[0m  [1mDELETE FROM "movies" WHERE "movies"."id" = ?[0m  [["id", 13]]
  [1m[35m (7.1ms)[0m  commit transaction
Redirected to https://softwareengineering-silvanaribeiro.c9.io/movies
Completed 302 Found in 11ms (ActiveRecord: 7.7ms)


Started GET "/movies" for 152.15.113.4 at 2015-11-19 21:13:56 +0000
Processing by MoviesController#index as HTML
  [1m[36mMovie Load (0.5ms)[0m  [1mSELECT "movies".* FROM "movies" WHERE "movies"."rating" IN ('G', 'PG', 'PG-13', 'NC-17', 'R')[0m
  Rendered movies/index.html.haml within layouts/application (8.7ms)
Completed 200 OK in 25ms (Views: 23.3ms | ActiveRecord: 0.5ms)


Started GET "/assets/application.self.css?body=1" for 152.15.113.4 at 2015-11-19 21:13:56 +0000


Started GET "/assets/jquery.self.js?body=1" for 152.15.113.4 at 2015-11-19 21:13:56 +0000


Started GET "/assets/application.self.js?body=1" for 152.15.113.4 at 2015-11-19 21:13:56 +0000


Started GET "/assets/jquery_ujs.self.js?body=1" for 152.15.113.4 at 2015-11-19 21:13:56 +0000


Started GET "/movies/20" for 152.15.113.4 at 2015-11-19 21:13:58 +0000
Processing by MoviesController#show as HTML
  Parameters: {"id"=>"20"}
  [1m[35mMovie Load (0.2ms)[0m  SELECT  "movies".* FROM "movies" WHERE "movies"."id" = ? LIMIT 1  [["id", 20]]
  Rendered movies/show.html.haml within layouts/application (2.0ms)
Completed 200 OK in 16ms (Views: 15.2ms | ActiveRecord: 0.2ms)


Started GET "/assets/application.self.css?body=1" for 152.15.113.4 at 2015-11-19 21:13:59 +0000


Started GET "/assets/jquery.self.js?body=1" for 152.15.113.4 at 2015-11-19 21:13:59 +0000


Started GET "/assets/jquery_ujs.self.js?body=1" for 152.15.113.4 at 2015-11-19 21:13:59 +0000


Started GET "/assets/application.self.js?body=1" for 152.15.113.4 at 2015-11-19 21:13:59 +0000


Started DELETE "/movies/20" for 152.15.113.4 at 2015-11-19 21:14:02 +0000
Processing by MoviesController#destroy as HTML
  Parameters: {"authenticity_token"=>"Hh7ohJQnNHIzwrYPou+w890/DaKCzERYdvde8oLtOWWfOhJKujp4yXIbFjPATCMY+CMJz8MMRjKNYEEu/I7mbA==", "id"=>"20"}
  [1m[36mMovie Load (0.2ms)[0m  [1mSELECT  "movies".* FROM "movies" WHERE "movies"."id" = ? LIMIT 1[0m  [["id", 20]]
  [1m[35m (0.2ms)[0m  begin transaction
  [1m[36mSQL (0.3ms)[0m  [1mDELETE FROM "movies" WHERE "movies"."id" = ?[0m  [["id", 20]]
  [1m[35m (8.3ms)[0m  commit transaction
Redirected to https://softwareengineering-silvanaribeiro.c9.io/movies
Completed 302 Found in 12ms (ActiveRecord: 9.0ms)


Started GET "/movies" for 152.15.113.4 at 2015-11-19 21:14:02 +0000
Processing by MoviesController#index as HTML
  [1m[36mMovie Load (0.4ms)[0m  [1mSELECT "movies".* FROM "movies" WHERE "movies"."rating" IN ('G', 'PG', 'PG-13', 'NC-17', 'R')[0m
  Rendered movies/index.html.haml within layouts/application (7.5ms)
Completed 200 OK in 22ms (Views: 20.6ms | ActiveRecord: 0.4ms)


Started GET "/assets/application.self.css?body=1" for 152.15.113.4 at 2015-11-19 21:14:02 +0000


Started GET "/assets/jquery.self.js?body=1" for 152.15.113.4 at 2015-11-19 21:14:02 +0000


Started GET "/assets/application.self.js?body=1" for 152.15.113.4 at 2015-11-19 21:14:02 +0000


Started GET "/assets/jquery_ujs.self.js?body=1" for 152.15.113.4 at 2015-11-19 21:14:02 +0000


Started GET "/movies/19" for 152.15.113.4 at 2015-11-19 21:14:04 +0000
Processing by MoviesController#show as HTML
  Parameters: {"id"=>"19"}
  [1m[35mMovie Load (0.2ms)[0m  SELECT  "movies".* FROM "movies" WHERE "movies"."id" = ? LIMIT 1  [["id", 19]]
  Rendered movies/show.html.haml within layouts/application (2.1ms)
Completed 200 OK in 31ms (Views: 29.5ms | ActiveRecord: 0.2ms)


Started GET "/assets/application.self.css?body=1" for 152.15.113.4 at 2015-11-19 21:14:04 +0000


Started GET "/assets/jquery.self.js?body=1" for 152.15.113.4 at 2015-11-19 21:14:04 +0000


Started GET "/assets/jquery_ujs.self.js?body=1" for 152.15.113.4 at 2015-11-19 21:14:04 +0000


Started GET "/assets/application.self.js?body=1" for 152.15.113.4 at 2015-11-19 21:14:04 +0000


Started DELETE "/movies/19" for 152.15.113.4 at 2015-11-19 21:14:05 +0000
Processing by MoviesController#destroy as HTML
  Parameters: {"authenticity_token"=>"bKkbqb9SMOZNeV05pt9XfF7VtHKIc816rswIeuOm1lbtjeFnkU98XQyg/QXEfMSXe8mwH8mzzxBVWxemncUJXw==", "id"=>"19"}
  [1m[36mMovie Load (0.2ms)[0m  [1mSELECT  "movies".* FROM "movies" WHERE "movies"."id" = ? LIMIT 1[0m  [["id", 19]]
  [1m[35m (0.1ms)[0m  begin transaction
  [1m[36mSQL (1.0ms)[0m  [1mDELETE FROM "movies" WHERE "movies"."id" = ?[0m  [["id", 19]]
  [1m[35m (7.2ms)[0m  commit transaction
Redirected to https://softwareengineering-silvanaribeiro.c9.io/movies
Completed 302 Found in 13ms (ActiveRecord: 8.6ms)


Started GET "/movies" for 152.15.113.4 at 2015-11-19 21:14:05 +0000
Processing by MoviesController#index as HTML
  [1m[36mMovie Load (0.4ms)[0m  [1mSELECT "movies".* FROM "movies" WHERE "movies"."rating" IN ('G', 'PG', 'PG-13', 'NC-17', 'R')[0m
  Rendered movies/index.html.haml within layouts/application (8.7ms)
Completed 200 OK in 26ms (Views: 24.0ms | ActiveRecord: 0.4ms)


Started GET "/assets/application.self.css?body=1" for 152.15.113.4 at 2015-11-19 21:14:06 +0000


Started GET "/assets/jquery.self.js?body=1" for 152.15.113.4 at 2015-11-19 21:14:06 +0000


Started GET "/assets/jquery_ujs.self.js?body=1" for 152.15.113.4 at 2015-11-19 21:14:06 +0000


Started GET "/assets/application.self.js?body=1" for 152.15.113.4 at 2015-11-19 21:14:06 +0000


Started GET "/movies/18" for 152.15.113.4 at 2015-11-19 21:14:07 +0000
Processing by MoviesController#show as HTML
  Parameters: {"id"=>"18"}
  [1m[35mMovie Load (0.2ms)[0m  SELECT  "movies".* FROM "movies" WHERE "movies"."id" = ? LIMIT 1  [["id", 18]]
  Rendered movies/show.html.haml within layouts/application (2.0ms)
Completed 200 OK in 16ms (Views: 15.0ms | ActiveRecord: 0.2ms)


Started GET "/assets/application.self.css?body=1" for 152.15.113.4 at 2015-11-19 21:14:07 +0000


Started GET "/assets/jquery.self.js?body=1" for 152.15.113.4 at 2015-11-19 21:14:08 +0000


Started GET "/assets/jquery_ujs.self.js?body=1" for 152.15.113.4 at 2015-11-19 21:14:08 +0000


Started GET "/assets/application.self.js?body=1" for 152.15.113.4 at 2015-11-19 21:14:08 +0000


Started DELETE "/movies/18" for 152.15.113.4 at 2015-11-19 21:14:09 +0000
Processing by MoviesController#destroy as HTML
  Parameters: {"authenticity_token"=>"JezrOA/K0490Gz4B13kyGKxUvcg6HHYGFbSvNbEDSu6kyBH2IdefNDXCnj212qHziUi5pXvcdGzuI7Dpz2CV5w==", "id"=>"18"}
  [1m[36mMovie Load (0.2ms)[0m  [1mSELECT  "movies".* FROM "movies" WHERE "movies"."id" = ? LIMIT 1[0m  [["id", 18]]
  [1m[35m (0.1ms)[0m  begin transaction
  [1m[36mSQL (0.3ms)[0m  [1mDELETE FROM "movies" WHERE "movies"."id" = ?[0m  [["id", 18]]
  [1m[35m (7.3ms)[0m  commit transaction
Redirected to https://softwareengineering-silvanaribeiro.c9.io/movies
Completed 302 Found in 11ms (ActiveRecord: 7.8ms)


Started GET "/movies" for 152.15.113.4 at 2015-11-19 21:14:09 +0000
Processing by MoviesController#index as HTML
  [1m[36mMovie Load (0.5ms)[0m  [1mSELECT "movies".* FROM "movies" WHERE "movies"."rating" IN ('G', 'PG', 'PG-13', 'NC-17', 'R')[0m
  Rendered movies/index.html.haml within layouts/application (9.9ms)
Completed 200 OK in 28ms (Views: 25.8ms | ActiveRecord: 0.5ms)


Started GET "/assets/application.self.css?body=1" for 152.15.113.4 at 2015-11-19 21:14:09 +0000


Started GET "/assets/jquery.self.js?body=1" for 152.15.113.4 at 2015-11-19 21:14:09 +0000


Started GET "/assets/jquery_ujs.self.js?body=1" for 152.15.113.4 at 2015-11-19 21:14:09 +0000


Started GET "/assets/application.self.js?body=1" for 152.15.113.4 at 2015-11-19 21:14:09 +0000


Started GET "/movies/17" for 152.15.113.4 at 2015-11-19 21:14:30 +0000
Processing by MoviesController#show as HTML
  Parameters: {"id"=>"17"}
  [1m[35mMovie Load (0.2ms)[0m  SELECT  "movies".* FROM "movies" WHERE "movies"."id" = ? LIMIT 1  [["id", 17]]
  Rendered movies/show.html.haml within layouts/application (1.8ms)
Completed 200 OK in 51ms (Views: 49.9ms | ActiveRecord: 0.2ms)


Started GET "/assets/application.self.css?body=1" for 152.15.113.4 at 2015-11-19 21:14:30 +0000


Started GET "/assets/jquery.self.js?body=1" for 152.15.113.4 at 2015-11-19 21:14:30 +0000


Started GET "/assets/jquery_ujs.self.js?body=1" for 152.15.113.4 at 2015-11-19 21:14:30 +0000


Started GET "/assets/application.self.js?body=1" for 152.15.113.4 at 2015-11-19 21:14:30 +0000


Started DELETE "/movies/17" for 152.15.113.4 at 2015-11-19 21:14:32 +0000
Processing by MoviesController#destroy as HTML
  Parameters: {"authenticity_token"=>"xXNm+ogKVU1/9xHFbIpd/AyZnmDLocodIq1d0ap5CopEV5w0phcZ9j4usfkOKc4XKYWaDYphyHfZOkIN1BrVgw==", "id"=>"17"}
  [1m[36mMovie Load (0.1ms)[0m  [1mSELECT  "movies".* FROM "movies" WHERE "movies"."id" = ? LIMIT 1[0m  [["id", 17]]
  [1m[35m (0.1ms)[0m  begin transaction
  [1m[36mSQL (0.2ms)[0m  [1mDELETE FROM "movies" WHERE "movies"."id" = ?[0m  [["id", 17]]
  [1m[35m (8.6ms)[0m  commit transaction
Redirected to https://softwareengineering-silvanaribeiro.c9.io/movies
Completed 302 Found in 12ms (ActiveRecord: 9.1ms)


Started GET "/movies" for 152.15.113.4 at 2015-11-19 21:14:32 +0000
Processing by MoviesController#index as HTML
  [1m[36mMovie Load (0.5ms)[0m  [1mSELECT "movies".* FROM "movies" WHERE "movies"."rating" IN ('G', 'PG', 'PG-13', 'NC-17', 'R')[0m
  Rendered movies/index.html.haml within layouts/application (6.5ms)
Completed 200 OK in 33ms (Views: 31.5ms | ActiveRecord: 0.5ms)


Started GET "/assets/application.self.css?body=1" for 152.15.113.4 at 2015-11-19 21:14:32 +0000


Started GET "/assets/jquery_ujs.self.js?body=1" for 152.15.113.4 at 2015-11-19 21:14:32 +0000


Started GET "/assets/application.self.js?body=1" for 152.15.113.4 at 2015-11-19 21:14:32 +0000


Started GET "/assets/jquery.self.js?body=1" for 152.15.113.4 at 2015-11-19 21:14:32 +0000


Started GET "/movies/16" for 152.15.113.4 at 2015-11-19 21:14:33 +0000
Processing by MoviesController#show as HTML
  Parameters: {"id"=>"16"}
  [1m[35mMovie Load (0.2ms)[0m  SELECT  "movies".* FROM "movies" WHERE "movies"."id" = ? LIMIT 1  [["id", 16]]
  Rendered movies/show.html.haml within layouts/application (2.1ms)
Completed 200 OK in 103ms (Views: 12.4ms | ActiveRecord: 0.2ms)


Started GET "/assets/application.self.css?body=1" for 152.15.113.4 at 2015-11-19 21:14:33 +0000


Started GET "/assets/jquery.self.js?body=1" for 152.15.113.4 at 2015-11-19 21:14:33 +0000


Started GET "/assets/jquery_ujs.self.js?body=1" for 152.15.113.4 at 2015-11-19 21:14:34 +0000


Started GET "/assets/application.self.js?body=1" for 152.15.113.4 at 2015-11-19 21:14:34 +0000


Started DELETE "/movies/16" for 152.15.113.4 at 2015-11-19 21:14:35 +0000
Processing by MoviesController#destroy as HTML
  Parameters: {"authenticity_token"=>"bUFr+zSbzy2IjZiGnoCBkXFQQ3ikm8oeEj6/QzYgqJDsZZE1GoaDlslUOLr8IxJ6VExHFeVbyHTpqaCfSEN3mQ==", "id"=>"16"}
  [1m[36mMovie Load (0.1ms)[0m  [1mSELECT  "movies".* FROM "movies" WHERE "movies"."id" = ? LIMIT 1[0m  [["id", 16]]
  [1m[35m (0.1ms)[0m  begin transaction
  [1m[36mSQL (0.3ms)[0m  [1mDELETE FROM "movies" WHERE "movies"."id" = ?[0m  [["id", 16]]
  [1m[35m (8.4ms)[0m  commit transaction
Redirected to https://softwareengineering-silvanaribeiro.c9.io/movies
Completed 302 Found in 12ms (ActiveRecord: 8.9ms)


Started GET "/movies" for 152.15.113.4 at 2015-11-19 21:14:35 +0000
Processing by MoviesController#index as HTML
  [1m[36mMovie Load (0.5ms)[0m  [1mSELECT "movies".* FROM "movies" WHERE "movies"."rating" IN ('G', 'PG', 'PG-13', 'NC-17', 'R')[0m
  Rendered movies/index.html.haml within layouts/application (6.4ms)
Completed 200 OK in 21ms (Views: 19.5ms | ActiveRecord: 0.5ms)


Started GET "/assets/application.self.css?body=1" for 152.15.113.4 at 2015-11-19 21:14:35 +0000


Started GET "/assets/jquery.self.js?body=1" for 152.15.113.4 at 2015-11-19 21:14:35 +0000


Started GET "/assets/jquery_ujs.self.js?body=1" for 152.15.113.4 at 2015-11-19 21:14:35 +0000


Started GET "/assets/application.self.js?body=1" for 152.15.113.4 at 2015-11-19 21:14:35 +0000


Started GET "/movies/15" for 152.15.113.4 at 2015-11-19 21:14:37 +0000
Processing by MoviesController#show as HTML
  Parameters: {"id"=>"15"}
  [1m[35mMovie Load (0.2ms)[0m  SELECT  "movies".* FROM "movies" WHERE "movies"."id" = ? LIMIT 1  [["id", 15]]
  Rendered movies/show.html.haml within layouts/application (2.0ms)
Completed 200 OK in 17ms (Views: 15.8ms | ActiveRecord: 0.2ms)


Started GET "/assets/application.self.css?body=1" for 152.15.113.4 at 2015-11-19 21:14:37 +0000


Started GET "/assets/jquery.self.js?body=1" for 152.15.113.4 at 2015-11-19 21:14:37 +0000


Started GET "/assets/jquery_ujs.self.js?body=1" for 152.15.113.4 at 2015-11-19 21:14:37 +0000


Started GET "/assets/application.self.js?body=1" for 152.15.113.4 at 2015-11-19 21:14:37 +0000


Started DELETE "/movies/15" for 152.15.113.4 at 2015-11-19 21:14:38 +0000
Processing by MoviesController#destroy as HTML
  Parameters: {"authenticity_token"=>"SiBZjlNQa7VF4jvoNKtDYc01Cun66JeTYX/quI+gVeXLBKNAfU0nDgQ7m9RWCNCK6CkOhLsolfma6PVk8cOK7A==", "id"=>"15"}
  [1m[36mMovie Load (0.2ms)[0m  [1mSELECT  "movies".* FROM "movies" WHERE "movies"."id" = ? LIMIT 1[0m  [["id", 15]]
  [1m[35m (0.1ms)[0m  begin transaction
  [1m[36mSQL (0.3ms)[0m  [1mDELETE FROM "movies" WHERE "movies"."id" = ?[0m  [["id", 15]]
  [1m[35m (8.8ms)[0m  commit transaction
Redirected to https://softwareengineering-silvanaribeiro.c9.io/movies
Completed 302 Found in 133ms (ActiveRecord: 9.3ms)


Started GET "/movies" for 152.15.113.4 at 2015-11-19 21:14:39 +0000
Processing by MoviesController#index as HTML
  [1m[36mMovie Load (0.4ms)[0m  [1mSELECT "movies".* FROM "movies" WHERE "movies"."rating" IN ('G', 'PG', 'PG-13', 'NC-17', 'R')[0m
  Rendered movies/index.html.haml within layouts/application (8.8ms)
Completed 200 OK in 26ms (Views: 24.2ms | ActiveRecord: 0.4ms)


Started GET "/assets/application.self.css?body=1" for 152.15.113.4 at 2015-11-19 21:14:39 +0000


Started GET "/assets/jquery.self.js?body=1" for 152.15.113.4 at 2015-11-19 21:14:39 +0000


Started GET "/assets/application.self.js?body=1" for 152.15.113.4 at 2015-11-19 21:14:39 +0000


Started GET "/assets/jquery_ujs.self.js?body=1" for 152.15.113.4 at 2015-11-19 21:14:39 +0000


Started GET "/movies/14" for 152.15.113.4 at 2015-11-19 21:14:41 +0000
Processing by MoviesController#show as HTML
  Parameters: {"id"=>"14"}
  [1m[35mMovie Load (0.2ms)[0m  SELECT  "movies".* FROM "movies" WHERE "movies"."id" = ? LIMIT 1  [["id", 14]]
  Rendered movies/show.html.haml within layouts/application (2.3ms)
Completed 200 OK in 18ms (Views: 16.8ms | ActiveRecord: 0.2ms)


Started GET "/assets/application.self.css?body=1" for 152.15.113.4 at 2015-11-19 21:14:42 +0000


Started GET "/assets/jquery.self.js?body=1" for 152.15.113.4 at 2015-11-19 21:14:42 +0000


Started GET "/assets/jquery_ujs.self.js?body=1" for 152.15.113.4 at 2015-11-19 21:14:42 +0000


Started GET "/assets/application.self.js?body=1" for 152.15.113.4 at 2015-11-19 21:14:42 +0000


Started DELETE "/movies/14" for 152.15.113.4 at 2015-11-19 21:14:44 +0000
Processing by MoviesController#destroy as HTML
  Parameters: {"authenticity_token"=>"Z7UlUORCFVkaKT5YkA9nLODieIvB8Z1Q4OMzV4rDvqrmkd+eyl9Z4lvwnmTyrPTHxf585oAxnzobdCyL9KBhow==", "id"=>"14"}
  [1m[36mMovie Load (0.2ms)[0m  [1mSELECT  "movies".* FROM "movies" WHERE "movies"."id" = ? LIMIT 1[0m  [["id", 14]]
  [1m[35m (0.1ms)[0m  begin transaction
  [1m[36mSQL (0.3ms)[0m  [1mDELETE FROM "movies" WHERE "movies"."id" = ?[0m  [["id", 14]]
  [1m[35m (132.1ms)[0m  commit transaction
Redirected to https://softwareengineering-silvanaribeiro.c9.io/movies
Completed 302 Found in 136ms (ActiveRecord: 132.6ms)


Started GET "/movies" for 152.15.113.4 at 2015-11-19 21:14:44 +0000
Processing by MoviesController#index as HTML
  [1m[36mMovie Load (0.4ms)[0m  [1mSELECT "movies".* FROM "movies" WHERE "movies"."rating" IN ('G', 'PG', 'PG-13', 'NC-17', 'R')[0m
  Rendered movies/index.html.haml within layouts/application (5.9ms)
Completed 200 OK in 21ms (Views: 18.9ms | ActiveRecord: 0.4ms)


Started GET "/assets/application.self.css?body=1" for 152.15.113.4 at 2015-11-19 21:14:44 +0000


Started GET "/assets/jquery.self.js?body=1" for 152.15.113.4 at 2015-11-19 21:14:44 +0000


Started GET "/assets/jquery_ujs.self.js?body=1" for 152.15.113.4 at 2015-11-19 21:14:44 +0000


Started GET "/assets/application.self.js?body=1" for 152.15.113.4 at 2015-11-19 21:14:44 +0000


Started GET "/movies/10" for 152.15.113.4 at 2015-11-19 21:14:47 +0000
Processing by MoviesController#show as HTML
  Parameters: {"id"=>"10"}
  [1m[35mMovie Load (0.2ms)[0m  SELECT  "movies".* FROM "movies" WHERE "movies"."id" = ? LIMIT 1  [["id", 10]]
  Rendered movies/show.html.haml within layouts/application (2.0ms)
Completed 200 OK in 17ms (Views: 15.9ms | ActiveRecord: 0.2ms)


Started GET "/assets/application.self.css?body=1" for 152.15.113.4 at 2015-11-19 21:14:47 +0000


Started GET "/assets/jquery.self.js?body=1" for 152.15.113.4 at 2015-11-19 21:14:47 +0000


Started GET "/assets/jquery_ujs.self.js?body=1" for 152.15.113.4 at 2015-11-19 21:14:47 +0000


Started GET "/assets/application.self.js?body=1" for 152.15.113.4 at 2015-11-19 21:14:47 +0000


Started GET "/movies/10/edit" for 152.15.113.4 at 2015-11-19 21:14:50 +0000
Processing by MoviesController#edit as HTML
  Parameters: {"id"=>"10"}
  [1m[36mMovie Load (0.2ms)[0m  [1mSELECT  "movies".* FROM "movies" WHERE "movies"."id" = ? LIMIT 1[0m  [["id", 10]]
  Rendered movies/edit.html.haml within layouts/application (32.5ms)
Completed 200 OK in 49ms (Views: 47.6ms | ActiveRecord: 0.2ms)


Started GET "/assets/application.self.css?body=1" for 152.15.113.4 at 2015-11-19 21:14:50 +0000


Started GET "/assets/jquery.self.js?body=1" for 152.15.113.4 at 2015-11-19 21:14:50 +0000


Started GET "/assets/application.self.js?body=1" for 152.15.113.4 at 2015-11-19 21:14:50 +0000


Started GET "/assets/jquery_ujs.self.js?body=1" for 152.15.113.4 at 2015-11-19 21:14:50 +0000


Started GET "/movies" for 152.15.113.4 at 2015-11-19 21:15:27 +0000
Processing by MoviesController#index as HTML
  [1m[35mMovie Load (4.3ms)[0m  SELECT "movies".* FROM "movies" WHERE "movies"."rating" IN ('G', 'PG', 'PG-13', 'NC-17', 'R')
  Rendered movies/index.html.haml within layouts/application (10.9ms)
Completed 200 OK in 87ms (Views: 81.4ms | ActiveRecord: 4.3ms)


Started GET "/assets/application.self.css?body=1" for 152.15.113.4 at 2015-11-19 21:15:27 +0000


Started GET "/assets/jquery_ujs.self.js?body=1" for 152.15.113.4 at 2015-11-19 21:15:27 +0000


Started GET "/assets/jquery.self.js?body=1" for 152.15.113.4 at 2015-11-19 21:15:27 +0000


Started GET "/assets/application.self.js?body=1" for 152.15.113.4 at 2015-11-19 21:15:27 +0000


Started GET "/movies/6" for 152.15.113.4 at 2015-11-19 21:15:32 +0000
Processing by MoviesController#show as HTML
  Parameters: {"id"=>"6"}
  [1m[36mMovie Load (0.1ms)[0m  [1mSELECT  "movies".* FROM "movies" WHERE "movies"."id" = ? LIMIT 1[0m  [["id", 6]]
  Rendered movies/show.html.haml within layouts/application (1.3ms)
Completed 200 OK in 15ms (Views: 13.7ms | ActiveRecord: 0.1ms)


Started GET "/assets/application.self.css?body=1" for 152.15.113.4 at 2015-11-19 21:15:32 +0000


Started GET "/assets/jquery.self.js?body=1" for 152.15.113.4 at 2015-11-19 21:15:32 +0000


Started GET "/assets/jquery_ujs.self.js?body=1" for 152.15.113.4 at 2015-11-19 21:15:32 +0000


Started GET "/assets/application.self.js?body=1" for 152.15.113.4 at 2015-11-19 21:15:32 +0000


Started GET "/movies/6/edit" for 152.15.113.4 at 2015-11-19 21:15:34 +0000
Processing by MoviesController#edit as HTML
  Parameters: {"id"=>"6"}
  [1m[35mMovie Load (0.2ms)[0m  SELECT  "movies".* FROM "movies" WHERE "movies"."id" = ? LIMIT 1  [["id", 6]]
  Rendered movies/edit.html.haml within layouts/application (7.4ms)
Completed 200 OK in 55ms (Views: 53.9ms | ActiveRecord: 0.2ms)


Started GET "/assets/application.self.css?body=1" for 152.15.113.4 at 2015-11-19 21:15:35 +0000


Started GET "/assets/jquery.self.js?body=1" for 152.15.113.4 at 2015-11-19 21:15:35 +0000


Started GET "/assets/jquery_ujs.self.js?body=1" for 152.15.113.4 at 2015-11-19 21:15:35 +0000


Started GET "/assets/application.self.js?body=1" for 152.15.113.4 at 2015-11-19 21:15:35 +0000


Started PUT "/movies/6" for 152.15.113.4 at 2015-11-19 21:15:40 +0000
Processing by MoviesController#update as HTML
  Parameters: {"utf8"=>"✓", "authenticity_token"=>"epd6xjW0L/7CcS+Gd0zqmcz7Nbx8RaY6T0CZRTTkS2L7s4AIG6ljRYOoj7oV73ly6ecx0T2FpFC014aZSoeUaw==", "movie"=>{"title"=>"Amelie", "rating"=>"R", "release_date(1i)"=>"2001", "release_date(2i)"=>"4", "release_date(3i)"=>"25", "director"=>"test"}, "commit"=>"Update Movie Info", "id"=>"6"}
  [1m[36mMovie Load (0.2ms)[0m  [1mSELECT  "movies".* FROM "movies" WHERE "movies"."id" = ? LIMIT 1[0m  [["id", 6]]
  [1m[35m (0.1ms)[0m  begin transaction
  [1m[36mSQL (0.4ms)[0m  [1mUPDATE "movies" SET "director" = ?, "updated_at" = ? WHERE "movies"."id" = ?[0m  [["director", "test"], ["updated_at", "2015-11-19 21:15:40.628713"], ["id", 6]]
  [1m[35m (14.2ms)[0m  commit transaction
Redirected to https://softwareengineering-silvanaribeiro.c9.io/movies/6
Completed 302 Found in 22ms (ActiveRecord: 14.8ms)


Started GET "/movies/6" for 152.15.113.4 at 2015-11-19 21:15:40 +0000
Processing by MoviesController#show as HTML
  Parameters: {"id"=>"6"}
  [1m[36mMovie Load (0.2ms)[0m  [1mSELECT  "movies".* FROM "movies" WHERE "movies"."id" = ? LIMIT 1[0m  [["id", 6]]
  Rendered movies/show.html.haml within layouts/application (2.0ms)
Completed 200 OK in 23ms (Views: 22.1ms | ActiveRecord: 0.2ms)


Started GET "/assets/application.self.css?body=1" for 152.15.113.4 at 2015-11-19 21:15:41 +0000


Started GET "/assets/jquery.self.js?body=1" for 152.15.113.4 at 2015-11-19 21:15:41 +0000


Started GET "/assets/jquery_ujs.self.js?body=1" for 152.15.113.4 at 2015-11-19 21:15:41 +0000


Started GET "/assets/application.self.js?body=1" for 152.15.113.4 at 2015-11-19 21:15:41 +0000


Started GET "/movies/6/edit" for 152.15.113.4 at 2015-11-19 21:15:45 +0000
Processing by MoviesController#edit as HTML
  Parameters: {"id"=>"6"}
  [1m[35mMovie Load (0.2ms)[0m  SELECT  "movies".* FROM "movies" WHERE "movies"."id" = ? LIMIT 1  [["id", 6]]
  Rendered movies/edit.html.haml within layouts/application (5.9ms)
Completed 200 OK in 171ms (Views: 169.8ms | ActiveRecord: 0.2ms)


Started GET "/assets/application.self.css?body=1" for 152.15.113.4 at 2015-11-19 21:15:45 +0000


Started GET "/assets/jquery.self.js?body=1" for 152.15.113.4 at 2015-11-19 21:15:45 +0000


Started GET "/assets/jquery_ujs.self.js?body=1" for 152.15.113.4 at 2015-11-19 21:15:45 +0000


Started GET "/assets/application.self.js?body=1" for 152.15.113.4 at 2015-11-19 21:15:45 +0000


Started GET "/movies" for 152.15.113.4 at 2015-11-19 21:38:06 +0000
Processing by MoviesController#index as HTML
  [1m[36mMovie Load (0.5ms)[0m  [1mSELECT "movies".* FROM "movies" WHERE "movies"."rating" IN ('G', 'PG', 'PG-13', 'NC-17', 'R')[0m
  Rendered movies/index.html.haml within layouts/application (6.4ms)
Completed 200 OK in 22ms (Views: 19.7ms | ActiveRecord: 0.5ms)


Started GET "/assets/application.self.css?body=1" for 152.15.113.4 at 2015-11-19 21:38:06 +0000


Started GET "/assets/application.self.js?body=1" for 152.15.113.4 at 2015-11-19 21:38:06 +0000


Started GET "/assets/jquery.self.js?body=1" for 152.15.113.4 at 2015-11-19 21:38:06 +0000


Started GET "/assets/jquery_ujs.self.js?body=1" for 152.15.113.4 at 2015-11-19 21:38:06 +0000


Started GET "/movies/1" for 152.15.113.4 at 2015-11-19 21:38:50 +0000
Processing by MoviesController#show as HTML
  Parameters: {"id"=>"1"}
  [1m[35mMovie Load (0.1ms)[0m  SELECT  "movies".* FROM "movies" WHERE "movies"."id" = ? LIMIT 1  [["id", 1]]
  Rendered movies/show.html.haml within layouts/application (1.4ms)
Completed 200 OK in 12ms (Views: 11.7ms | ActiveRecord: 0.1ms)


Started GET "/assets/application.self.css?body=1" for 152.15.113.4 at 2015-11-19 21:38:50 +0000


Started GET "/assets/jquery.self.js?body=1" for 152.15.113.4 at 2015-11-19 21:38:50 +0000


Started GET "/assets/application.self.js?body=1" for 152.15.113.4 at 2015-11-19 21:38:50 +0000


Started GET "/assets/jquery_ujs.self.js?body=1" for 152.15.113.4 at 2015-11-19 21:38:50 +0000


Started GET "/movies/1/edit" for 152.15.113.4 at 2015-11-19 21:40:37 +0000
Processing by MoviesController#edit as HTML
  Parameters: {"id"=>"1"}
  [1m[36mMovie Load (0.2ms)[0m  [1mSELECT  "movies".* FROM "movies" WHERE "movies"."id" = ? LIMIT 1[0m  [["id", 1]]
  Rendered movies/edit.html.haml within layouts/application (5.7ms)
Completed 200 OK in 20ms (Views: 18.7ms | ActiveRecord: 0.2ms)


Started GET "/assets/application.self.css?body=1" for 152.15.113.4 at 2015-11-19 21:40:37 +0000


Started GET "/assets/jquery.self.js?body=1" for 152.15.113.4 at 2015-11-19 21:40:37 +0000


Started GET "/assets/jquery_ujs.self.js?body=1" for 152.15.113.4 at 2015-11-19 21:40:37 +0000


Started GET "/assets/application.self.js?body=1" for 152.15.113.4 at 2015-11-19 21:40:37 +0000
